This is pdfTeX, Version 3.14159265-2.6-1.40.17 (TeX Live 2016) (preloaded format=pdflatex 2016.5.22)  25 JUN 2017 18:03
entering extended mode
 restricted \write18 enabled.
 file:line:error style messages enabled.
 %&-line parsing enabled.
**AdvancementSummary.tex
(./AdvancementSummary.tex
LaTeX2e <2016/03/31>
Babel <3.9r> and hyphenation patterns for 83 language(s) loaded.
(/usr/local/texlive/2016/texmf-dist/tex/latex/base/article.cls
Document Class: article 2014/09/29 v1.4h Standard LaTeX document class
(/usr/local/texlive/2016/texmf-dist/tex/latex/base/size10.clo
File: size10.clo 2014/09/29 v1.4h Standard LaTeX file (size option)
)
\c@part=\count79
\c@section=\count80
\c@subsection=\count81
\c@subsubsection=\count82
\c@paragraph=\count83
\c@subparagraph=\count84
\c@figure=\count85
\c@table=\count86
\abovecaptionskip=\skip41
\belowcaptionskip=\skip42
\bibindent=\dimen102
)
(/usr/local/texlive/2016/texmf-dist/tex/latex/natbib/natbib.sty
Package: natbib 2010/09/13 8.31b (PWD, AO)
\bibhang=\skip43
\bibsep=\skip44
LaTeX Info: Redefining \cite on input line 694.
\c@NAT@ctr=\count87
)
(/usr/local/texlive/2016/texmf-dist/tex/latex/geometry/geometry.sty
Package: geometry 2010/09/12 v5.6 Page Geometry

(/usr/local/texlive/2016/texmf-dist/tex/latex/graphics/keyval.sty
Package: keyval 2014/10/28 v1.15 key=value parser (DPC)
\KV@toks@=\toks14
)
(/usr/local/texlive/2016/texmf-dist/tex/generic/oberdiek/ifpdf.sty
Package: ifpdf 2016/05/14 v3.1 Provides the ifpdf switch
)
(/usr/local/texlive/2016/texmf-dist/tex/generic/oberdiek/ifvtex.sty
Package: ifvtex 2016/05/16 v1.6 Detect VTeX and its facilities (HO)
Package ifvtex Info: VTeX not detected.
)
(/usr/local/texlive/2016/texmf-dist/tex/generic/ifxetex/ifxetex.sty
Package: ifxetex 2010/09/12 v0.6 Provides ifxetex conditional
)
\Gm@cnth=\count88
\Gm@cntv=\count89
\c@Gm@tempcnt=\count90
\Gm@bindingoffset=\dimen103
\Gm@wd@mp=\dimen104
\Gm@odd@mp=\dimen105
\Gm@even@mp=\dimen106
\Gm@layoutwidth=\dimen107
\Gm@layoutheight=\dimen108
\Gm@layouthoffset=\dimen109
\Gm@layoutvoffset=\dimen110
\Gm@dimlist=\toks15
)
(./mcode.sty
-- Package: `mcode' 2.3 <2012/08/31> --
Package: mcode 2012/08/31 2.3
 - settings optimized for display (colour formating)
 - framed listings
(/usr/local/texlive/2016/texmf-dist/tex/latex/xcolor/xcolor.sty
Package: xcolor 2016/05/11 v2.12 LaTeX color extensions (UK)

(/usr/local/texlive/2016/texmf-dist/tex/latex/graphics-cfg/color.cfg
File: color.cfg 2016/01/02 v1.6 sample color configuration
)
Package xcolor Info: Driver file: pdftex.def on input line 225.

(/usr/local/texlive/2016/texmf-dist/tex/latex/pdftex-def/pdftex.def
File: pdftex.def 2011/05/27 v0.06d Graphics/color for pdfTeX

(/usr/local/texlive/2016/texmf-dist/tex/generic/oberdiek/infwarerr.sty
Package: infwarerr 2016/05/16 v1.4 Providing info/warning/error messages (HO)
)
(/usr/local/texlive/2016/texmf-dist/tex/generic/oberdiek/ltxcmds.sty
Package: ltxcmds 2016/05/16 v1.23 LaTeX kernel commands for general use (HO)
)
\Gread@gobject=\count91
)
Package xcolor Info: Model `cmy' substituted by `cmy0' on input line 1348.
Package xcolor Info: Model `hsb' substituted by `rgb' on input line 1352.
Package xcolor Info: Model `RGB' extended on input line 1364.
Package xcolor Info: Model `HTML' substituted by `rgb' on input line 1366.
Package xcolor Info: Model `Hsb' substituted by `hsb' on input line 1367.
Package xcolor Info: Model `tHsb' substituted by `hsb' on input line 1368.
Package xcolor Info: Model `HSB' substituted by `hsb' on input line 1369.
Package xcolor Info: Model `Gray' substituted by `gray' on input line 1370.
Package xcolor Info: Model `wave' substituted by `hsb' on input line 1371.
)
(/usr/local/texlive/2016/texmf-dist/tex/latex/listings/listings.sty
\lst@mode=\count92
\lst@gtempboxa=\box26
\lst@token=\toks16
\lst@length=\count93
\lst@currlwidth=\dimen111
\lst@column=\count94
\lst@pos=\count95
\lst@lostspace=\dimen112
\lst@width=\dimen113
\lst@newlines=\count96
\lst@lineno=\count97
\lst@maxwidth=\dimen114

(/usr/local/texlive/2016/texmf-dist/tex/latex/listings/lstmisc.sty
File: lstmisc.sty 2015/06/04 1.6 (Carsten Heinz)
\c@lstnumber=\count98
\lst@skipnumbers=\count99
\lst@framebox=\box27
)
(/usr/local/texlive/2016/texmf-dist/tex/latex/listings/listings.cfg
File: listings.cfg 2015/06/04 1.6 listings configuration
))
Package: listings 2015/06/04 1.6 (Carsten Heinz)

(/usr/local/texlive/2016/texmf-dist/tex/latex/base/textcomp.sty
Package: textcomp 2005/09/27 v1.99g Standard LaTeX package
Package textcomp Info: Sub-encoding information:
(textcomp)               5 = only ISO-Adobe without \textcurrency
(textcomp)               4 = 5 + \texteuro
(textcomp)               3 = 4 + \textohm
(textcomp)               2 = 3 + \textestimated + \textcurrency
(textcomp)               1 = TS1 - \textcircled - \t
(textcomp)               0 = TS1 (full)
(textcomp)             Font families with sub-encoding setting implement
(textcomp)             only a restricted character set as indicated.
(textcomp)             Family '?' is the default used for unknown fonts.
(textcomp)             See the documentation for details.
Package textcomp Info: Setting ? sub-encoding to TS1/1 on input line 79.

(/usr/local/texlive/2016/texmf-dist/tex/latex/base/ts1enc.def
File: ts1enc.def 2001/06/05 v3.0e (jk/car/fm) Standard LaTeX file
)
LaTeX Info: Redefining \oldstylenums on input line 334.
Package textcomp Info: Setting cmr sub-encoding to TS1/0 on input line 349.
Package textcomp Info: Setting cmss sub-encoding to TS1/0 on input line 350.
Package textcomp Info: Setting cmtt sub-encoding to TS1/0 on input line 351.
Package textcomp Info: Setting cmvtt sub-encoding to TS1/0 on input line 352.
Package textcomp Info: Setting cmbr sub-encoding to TS1/0 on input line 353.
Package textcomp Info: Setting cmtl sub-encoding to TS1/0 on input line 354.
Package textcomp Info: Setting ccr sub-encoding to TS1/0 on input line 355.
Package textcomp Info: Setting ptm sub-encoding to TS1/4 on input line 356.
Package textcomp Info: Setting pcr sub-encoding to TS1/4 on input line 357.
Package textcomp Info: Setting phv sub-encoding to TS1/4 on input line 358.
Package textcomp Info: Setting ppl sub-encoding to TS1/3 on input line 359.
Package textcomp Info: Setting pag sub-encoding to TS1/4 on input line 360.
Package textcomp Info: Setting pbk sub-encoding to TS1/4 on input line 361.
Package textcomp Info: Setting pnc sub-encoding to TS1/4 on input line 362.
Package textcomp Info: Setting pzc sub-encoding to TS1/4 on input line 363.
Package textcomp Info: Setting bch sub-encoding to TS1/4 on input line 364.
Package textcomp Info: Setting put sub-encoding to TS1/5 on input line 365.
Package textcomp Info: Setting uag sub-encoding to TS1/5 on input line 366.
Package textcomp Info: Setting ugq sub-encoding to TS1/5 on input line 367.
Package textcomp Info: Setting ul8 sub-encoding to TS1/4 on input line 368.
Package textcomp Info: Setting ul9 sub-encoding to TS1/4 on input line 369.
Package textcomp Info: Setting augie sub-encoding to TS1/5 on input line 370.
Package textcomp Info: Setting dayrom sub-encoding to TS1/3 on input line 371.
Package textcomp Info: Setting dayroms sub-encoding to TS1/3 on input line 372.

Package textcomp Info: Setting pxr sub-encoding to TS1/0 on input line 373.
Package textcomp Info: Setting pxss sub-encoding to TS1/0 on input line 374.
Package textcomp Info: Setting pxtt sub-encoding to TS1/0 on input line 375.
Package textcomp Info: Setting txr sub-encoding to TS1/0 on input line 376.
Package textcomp Info: Setting txss sub-encoding to TS1/0 on input line 377.
Package textcomp Info: Setting txtt sub-encoding to TS1/0 on input line 378.
Package textcomp Info: Setting lmr sub-encoding to TS1/0 on input line 379.
Package textcomp Info: Setting lmdh sub-encoding to TS1/0 on input line 380.
Package textcomp Info: Setting lmss sub-encoding to TS1/0 on input line 381.
Package textcomp Info: Setting lmssq sub-encoding to TS1/0 on input line 382.
Package textcomp Info: Setting lmvtt sub-encoding to TS1/0 on input line 383.
Package textcomp Info: Setting lmtt sub-encoding to TS1/0 on input line 384.
Package textcomp Info: Setting qhv sub-encoding to TS1/0 on input line 385.
Package textcomp Info: Setting qag sub-encoding to TS1/0 on input line 386.
Package textcomp Info: Setting qbk sub-encoding to TS1/0 on input line 387.
Package textcomp Info: Setting qcr sub-encoding to TS1/0 on input line 388.
Package textcomp Info: Setting qcs sub-encoding to TS1/0 on input line 389.
Package textcomp Info: Setting qpl sub-encoding to TS1/0 on input line 390.
Package textcomp Info: Setting qtm sub-encoding to TS1/0 on input line 391.
Package textcomp Info: Setting qzc sub-encoding to TS1/0 on input line 392.
Package textcomp Info: Setting qhvc sub-encoding to TS1/0 on input line 393.
Package textcomp Info: Setting futs sub-encoding to TS1/4 on input line 394.
Package textcomp Info: Setting futx sub-encoding to TS1/4 on input line 395.
Package textcomp Info: Setting futj sub-encoding to TS1/4 on input line 396.
Package textcomp Info: Setting hlh sub-encoding to TS1/3 on input line 397.
Package textcomp Info: Setting hls sub-encoding to TS1/3 on input line 398.
Package textcomp Info: Setting hlst sub-encoding to TS1/3 on input line 399.
Package textcomp Info: Setting hlct sub-encoding to TS1/5 on input line 400.
Package textcomp Info: Setting hlx sub-encoding to TS1/5 on input line 401.
Package textcomp Info: Setting hlce sub-encoding to TS1/5 on input line 402.
Package textcomp Info: Setting hlcn sub-encoding to TS1/5 on input line 403.
Package textcomp Info: Setting hlcw sub-encoding to TS1/5 on input line 404.
Package textcomp Info: Setting hlcf sub-encoding to TS1/5 on input line 405.
Package textcomp Info: Setting pplx sub-encoding to TS1/3 on input line 406.
Package textcomp Info: Setting pplj sub-encoding to TS1/3 on input line 407.
Package textcomp Info: Setting ptmx sub-encoding to TS1/4 on input line 408.
Package textcomp Info: Setting ptmj sub-encoding to TS1/4 on input line 409.
))
(/usr/local/texlive/2016/texmf-dist/tex/latex/booktabs/booktabs.sty
Package: booktabs 2016/04/27 v1.618033 publication quality tables
\heavyrulewidth=\dimen115
\lightrulewidth=\dimen116
\cmidrulewidth=\dimen117
\belowrulesep=\dimen118
\belowbottomsep=\dimen119
\aboverulesep=\dimen120
\abovetopsep=\dimen121
\cmidrulesep=\dimen122
\cmidrulekern=\dimen123
\defaultaddspace=\dimen124
\@cmidla=\count100
\@cmidlb=\count101
\@aboverulesep=\dimen125
\@belowrulesep=\dimen126
\@thisruleclass=\count102
\@lastruleclass=\count103
\@thisrulewidth=\dimen127
)
(/usr/local/texlive/2016/texmf-dist/tex/latex/todonotes/todonotes.sty
Package: todonotes 2015/07/09 .dtx Todonotes source and documentation.
Package: todonotes 2012/07/25

(/usr/local/texlive/2016/texmf-dist/tex/latex/base/ifthen.sty
Package: ifthen 2014/09/29 v1.1c Standard LaTeX ifthen package (DPC)
)
(/usr/local/texlive/2016/texmf-dist/tex/latex/xkeyval/xkeyval.sty
Package: xkeyval 2014/12/03 v2.7a package option processing (HA)

(/usr/local/texlive/2016/texmf-dist/tex/generic/xkeyval/xkeyval.tex
(/usr/local/texlive/2016/texmf-dist/tex/generic/xkeyval/xkvutils.tex
\XKV@toks=\toks17
\XKV@tempa@toks=\toks18
)
\XKV@depth=\count104
File: xkeyval.tex 2014/12/03 v2.7a key=value parser (HA)
))
(/usr/local/texlive/2016/texmf-dist/tex/latex/pgf/frontendlayer/tikz.sty
(/usr/local/texlive/2016/texmf-dist/tex/latex/pgf/basiclayer/pgf.sty
(/usr/local/texlive/2016/texmf-dist/tex/latex/pgf/utilities/pgfrcs.sty
(/usr/local/texlive/2016/texmf-dist/tex/generic/pgf/utilities/pgfutil-common.te
x
\pgfutil@everybye=\toks19
\pgfutil@tempdima=\dimen128
\pgfutil@tempdimb=\dimen129

(/usr/local/texlive/2016/texmf-dist/tex/generic/pgf/utilities/pgfutil-common-li
sts.tex))
(/usr/local/texlive/2016/texmf-dist/tex/generic/pgf/utilities/pgfutil-latex.def
\pgfutil@abb=\box28
(/usr/local/texlive/2016/texmf-dist/tex/latex/ms/everyshi.sty
Package: everyshi 2001/05/15 v3.00 EveryShipout Package (MS)
))
(/usr/local/texlive/2016/texmf-dist/tex/generic/pgf/utilities/pgfrcs.code.tex
Package: pgfrcs 2015/08/07 v3.0.1a (rcs-revision 1.31)
))
Package: pgf 2015/08/07 v3.0.1a (rcs-revision 1.15)
(/usr/local/texlive/2016/texmf-dist/tex/latex/pgf/basiclayer/pgfcore.sty
(/usr/local/texlive/2016/texmf-dist/tex/latex/graphics/graphicx.sty
Package: graphicx 2014/10/28 v1.0g Enhanced LaTeX Graphics (DPC,SPQR)

(/usr/local/texlive/2016/texmf-dist/tex/latex/graphics/graphics.sty
Package: graphics 2016/05/09 v1.0r Standard LaTeX Graphics (DPC,SPQR)

(/usr/local/texlive/2016/texmf-dist/tex/latex/graphics/trig.sty
Package: trig 2016/01/03 v1.10 sin cos tan (DPC)
)
(/usr/local/texlive/2016/texmf-dist/tex/latex/graphics-cfg/graphics.cfg
File: graphics.cfg 2016/01/02 v1.10 sample graphics configuration
)
Package graphics Info: Driver file: pdftex.def on input line 96.
)
\Gin@req@height=\dimen130
\Gin@req@width=\dimen131
)
(/usr/local/texlive/2016/texmf-dist/tex/latex/pgf/systemlayer/pgfsys.sty
(/usr/local/texlive/2016/texmf-dist/tex/generic/pgf/systemlayer/pgfsys.code.tex
Package: pgfsys 2014/07/09 v3.0.1a (rcs-revision 1.48)
(/usr/local/texlive/2016/texmf-dist/tex/generic/pgf/utilities/pgfkeys.code.tex
\pgfkeys@pathtoks=\toks20
\pgfkeys@temptoks=\toks21

(/usr/local/texlive/2016/texmf-dist/tex/generic/pgf/utilities/pgfkeysfiltered.c
ode.tex
\pgfkeys@tmptoks=\toks22
))
\pgf@x=\dimen132
\pgf@y=\dimen133
\pgf@xa=\dimen134
\pgf@ya=\dimen135
\pgf@xb=\dimen136
\pgf@yb=\dimen137
\pgf@xc=\dimen138
\pgf@yc=\dimen139
\w@pgf@writea=\write3
\r@pgf@reada=\read1
\c@pgf@counta=\count105
\c@pgf@countb=\count106
\c@pgf@countc=\count107
\c@pgf@countd=\count108
\t@pgf@toka=\toks23
\t@pgf@tokb=\toks24
\t@pgf@tokc=\toks25

(/usr/local/texlive/2016/texmf-dist/tex/generic/pgf/systemlayer/pgf.cfg
File: pgf.cfg 2008/05/14  (rcs-revision 1.7)
)
Driver file for pgf: pgfsys-pdftex.def

(/usr/local/texlive/2016/texmf-dist/tex/generic/pgf/systemlayer/pgfsys-pdftex.d
ef
File: pgfsys-pdftex.def 2014/10/11  (rcs-revision 1.35)

(/usr/local/texlive/2016/texmf-dist/tex/generic/pgf/systemlayer/pgfsys-common-p
df.def
File: pgfsys-common-pdf.def 2013/10/10  (rcs-revision 1.13)
)))
(/usr/local/texlive/2016/texmf-dist/tex/generic/pgf/systemlayer/pgfsyssoftpath.
code.tex
File: pgfsyssoftpath.code.tex 2013/09/09  (rcs-revision 1.9)
\pgfsyssoftpath@smallbuffer@items=\count109
\pgfsyssoftpath@bigbuffer@items=\count110
)
(/usr/local/texlive/2016/texmf-dist/tex/generic/pgf/systemlayer/pgfsysprotocol.
code.tex
File: pgfsysprotocol.code.tex 2006/10/16  (rcs-revision 1.4)
))
(/usr/local/texlive/2016/texmf-dist/tex/generic/pgf/basiclayer/pgfcore.code.tex
Package: pgfcore 2010/04/11 v3.0.1a (rcs-revision 1.7)
(/usr/local/texlive/2016/texmf-dist/tex/generic/pgf/math/pgfmath.code.tex
(/usr/local/texlive/2016/texmf-dist/tex/generic/pgf/math/pgfmathcalc.code.tex
(/usr/local/texlive/2016/texmf-dist/tex/generic/pgf/math/pgfmathutil.code.tex)
(/usr/local/texlive/2016/texmf-dist/tex/generic/pgf/math/pgfmathparser.code.tex
\pgfmath@dimen=\dimen140
\pgfmath@count=\count111
\pgfmath@box=\box29
\pgfmath@toks=\toks26
\pgfmath@stack@operand=\toks27
\pgfmath@stack@operation=\toks28
)
(/usr/local/texlive/2016/texmf-dist/tex/generic/pgf/math/pgfmathfunctions.code.
tex
(/usr/local/texlive/2016/texmf-dist/tex/generic/pgf/math/pgfmathfunctions.basic
.code.tex)
(/usr/local/texlive/2016/texmf-dist/tex/generic/pgf/math/pgfmathfunctions.trigo
nometric.code.tex)
(/usr/local/texlive/2016/texmf-dist/tex/generic/pgf/math/pgfmathfunctions.rando
m.code.tex)
(/usr/local/texlive/2016/texmf-dist/tex/generic/pgf/math/pgfmathfunctions.compa
rison.code.tex)
(/usr/local/texlive/2016/texmf-dist/tex/generic/pgf/math/pgfmathfunctions.base.
code.tex)
(/usr/local/texlive/2016/texmf-dist/tex/generic/pgf/math/pgfmathfunctions.round
.code.tex)
(/usr/local/texlive/2016/texmf-dist/tex/generic/pgf/math/pgfmathfunctions.misc.
code.tex)
(/usr/local/texlive/2016/texmf-dist/tex/generic/pgf/math/pgfmathfunctions.integ
erarithmetics.code.tex)))
(/usr/local/texlive/2016/texmf-dist/tex/generic/pgf/math/pgfmathfloat.code.tex
\c@pgfmathroundto@lastzeros=\count112
))
(/usr/local/texlive/2016/texmf-dist/tex/generic/pgf/basiclayer/pgfcorepoints.co
de.tex
File: pgfcorepoints.code.tex 2013/10/07  (rcs-revision 1.27)
\pgf@picminx=\dimen141
\pgf@picmaxx=\dimen142
\pgf@picminy=\dimen143
\pgf@picmaxy=\dimen144
\pgf@pathminx=\dimen145
\pgf@pathmaxx=\dimen146
\pgf@pathminy=\dimen147
\pgf@pathmaxy=\dimen148
\pgf@xx=\dimen149
\pgf@xy=\dimen150
\pgf@yx=\dimen151
\pgf@yy=\dimen152
\pgf@zx=\dimen153
\pgf@zy=\dimen154
)
(/usr/local/texlive/2016/texmf-dist/tex/generic/pgf/basiclayer/pgfcorepathconst
ruct.code.tex
File: pgfcorepathconstruct.code.tex 2013/10/07  (rcs-revision 1.29)
\pgf@path@lastx=\dimen155
\pgf@path@lasty=\dimen156
)
(/usr/local/texlive/2016/texmf-dist/tex/generic/pgf/basiclayer/pgfcorepathusage
.code.tex
File: pgfcorepathusage.code.tex 2014/11/02  (rcs-revision 1.24)
\pgf@shorten@end@additional=\dimen157
\pgf@shorten@start@additional=\dimen158
)
(/usr/local/texlive/2016/texmf-dist/tex/generic/pgf/basiclayer/pgfcorescopes.co
de.tex
File: pgfcorescopes.code.tex 2015/05/08  (rcs-revision 1.46)
\pgfpic=\box30
\pgf@hbox=\box31
\pgf@layerbox@main=\box32
\pgf@picture@serial@count=\count113
)
(/usr/local/texlive/2016/texmf-dist/tex/generic/pgf/basiclayer/pgfcoregraphicst
ate.code.tex
File: pgfcoregraphicstate.code.tex 2014/11/02  (rcs-revision 1.12)
\pgflinewidth=\dimen159
)
(/usr/local/texlive/2016/texmf-dist/tex/generic/pgf/basiclayer/pgfcoretransform
ations.code.tex
File: pgfcoretransformations.code.tex 2015/08/07  (rcs-revision 1.20)
\pgf@pt@x=\dimen160
\pgf@pt@y=\dimen161
\pgf@pt@temp=\dimen162
)
(/usr/local/texlive/2016/texmf-dist/tex/generic/pgf/basiclayer/pgfcorequick.cod
e.tex
File: pgfcorequick.code.tex 2008/10/09  (rcs-revision 1.3)
)
(/usr/local/texlive/2016/texmf-dist/tex/generic/pgf/basiclayer/pgfcoreobjects.c
ode.tex
File: pgfcoreobjects.code.tex 2006/10/11  (rcs-revision 1.2)
)
(/usr/local/texlive/2016/texmf-dist/tex/generic/pgf/basiclayer/pgfcorepathproce
ssing.code.tex
File: pgfcorepathprocessing.code.tex 2013/09/09  (rcs-revision 1.9)
)
(/usr/local/texlive/2016/texmf-dist/tex/generic/pgf/basiclayer/pgfcorearrows.co
de.tex
File: pgfcorearrows.code.tex 2015/05/14  (rcs-revision 1.43)
\pgfarrowsep=\dimen163
)
(/usr/local/texlive/2016/texmf-dist/tex/generic/pgf/basiclayer/pgfcoreshade.cod
e.tex
File: pgfcoreshade.code.tex 2013/07/15  (rcs-revision 1.15)
\pgf@max=\dimen164
\pgf@sys@shading@range@num=\count114
)
(/usr/local/texlive/2016/texmf-dist/tex/generic/pgf/basiclayer/pgfcoreimage.cod
e.tex
File: pgfcoreimage.code.tex 2013/07/15  (rcs-revision 1.18)

(/usr/local/texlive/2016/texmf-dist/tex/generic/pgf/basiclayer/pgfcoreexternal.
code.tex
File: pgfcoreexternal.code.tex 2014/07/09  (rcs-revision 1.21)
\pgfexternal@startupbox=\box33
))
(/usr/local/texlive/2016/texmf-dist/tex/generic/pgf/basiclayer/pgfcorelayers.co
de.tex
File: pgfcorelayers.code.tex 2013/07/18  (rcs-revision 1.7)
)
(/usr/local/texlive/2016/texmf-dist/tex/generic/pgf/basiclayer/pgfcoretranspare
ncy.code.tex
File: pgfcoretransparency.code.tex 2013/09/30  (rcs-revision 1.5)
)
(/usr/local/texlive/2016/texmf-dist/tex/generic/pgf/basiclayer/pgfcorepatterns.
code.tex
File: pgfcorepatterns.code.tex 2013/11/07  (rcs-revision 1.5)
)))
(/usr/local/texlive/2016/texmf-dist/tex/generic/pgf/modules/pgfmoduleshapes.cod
e.tex
File: pgfmoduleshapes.code.tex 2014/03/21  (rcs-revision 1.35)
\pgfnodeparttextbox=\box34
)
(/usr/local/texlive/2016/texmf-dist/tex/generic/pgf/modules/pgfmoduleplot.code.
tex
File: pgfmoduleplot.code.tex 2015/08/03  (rcs-revision 1.13)
)
(/usr/local/texlive/2016/texmf-dist/tex/latex/pgf/compatibility/pgfcomp-version
-0-65.sty
Package: pgfcomp-version-0-65 2007/07/03 v3.0.1a (rcs-revision 1.7)
\pgf@nodesepstart=\dimen165
\pgf@nodesepend=\dimen166
)
(/usr/local/texlive/2016/texmf-dist/tex/latex/pgf/compatibility/pgfcomp-version
-1-18.sty
Package: pgfcomp-version-1-18 2007/07/23 v3.0.1a (rcs-revision 1.1)
))
(/usr/local/texlive/2016/texmf-dist/tex/latex/pgf/utilities/pgffor.sty
(/usr/local/texlive/2016/texmf-dist/tex/latex/pgf/utilities/pgfkeys.sty
(/usr/local/texlive/2016/texmf-dist/tex/generic/pgf/utilities/pgfkeys.code.tex)
) (/usr/local/texlive/2016/texmf-dist/tex/latex/pgf/math/pgfmath.sty
(/usr/local/texlive/2016/texmf-dist/tex/generic/pgf/math/pgfmath.code.tex))
(/usr/local/texlive/2016/texmf-dist/tex/generic/pgf/utilities/pgffor.code.tex
Package: pgffor 2013/12/13 v3.0.1a (rcs-revision 1.25)

(/usr/local/texlive/2016/texmf-dist/tex/generic/pgf/math/pgfmath.code.tex)
\pgffor@iter=\dimen167
\pgffor@skip=\dimen168
\pgffor@stack=\toks29
\pgffor@toks=\toks30
))
(/usr/local/texlive/2016/texmf-dist/tex/generic/pgf/frontendlayer/tikz/tikz.cod
e.tex
Package: tikz 2015/08/07 v3.0.1a (rcs-revision 1.151)

(/usr/local/texlive/2016/texmf-dist/tex/generic/pgf/libraries/pgflibraryplothan
dlers.code.tex
File: pgflibraryplothandlers.code.tex 2013/08/31 v3.0.1a (rcs-revision 1.20)
\pgf@plot@mark@count=\count115
\pgfplotmarksize=\dimen169
)
\tikz@lastx=\dimen170
\tikz@lasty=\dimen171
\tikz@lastxsaved=\dimen172
\tikz@lastysaved=\dimen173
\tikzleveldistance=\dimen174
\tikzsiblingdistance=\dimen175
\tikz@figbox=\box35
\tikz@figbox@bg=\box36
\tikz@tempbox=\box37
\tikz@tempbox@bg=\box38
\tikztreelevel=\count116
\tikznumberofchildren=\count117
\tikznumberofcurrentchild=\count118
\tikz@fig@count=\count119

(/usr/local/texlive/2016/texmf-dist/tex/generic/pgf/modules/pgfmodulematrix.cod
e.tex
File: pgfmodulematrix.code.tex 2013/09/17  (rcs-revision 1.8)
\pgfmatrixcurrentrow=\count120
\pgfmatrixcurrentcolumn=\count121
\pgf@matrix@numberofcolumns=\count122
)
\tikz@expandcount=\count123

(/usr/local/texlive/2016/texmf-dist/tex/generic/pgf/frontendlayer/tikz/librarie
s/tikzlibrarytopaths.code.tex
File: tikzlibrarytopaths.code.tex 2008/06/17 v3.0.1a (rcs-revision 1.2)
)))
(/usr/local/texlive/2016/texmf-dist/tex/generic/pgf/frontendlayer/tikz/librarie
s/tikzlibrarypositioning.code.tex
File: tikzlibrarypositioning.code.tex 2008/10/06 v3.0.1a (rcs-revision 1.7)
)
(/usr/local/texlive/2016/texmf-dist/tex/latex/tools/calc.sty
Package: calc 2014/10/28 v4.3 Infix arithmetic (KKT,FJ)
\calc@Acount=\count124
\calc@Bcount=\count125
\calc@Adimen=\dimen176
\calc@Bdimen=\dimen177
\calc@Askip=\skip45
\calc@Bskip=\skip46
LaTeX Info: Redefining \setlength on input line 80.
LaTeX Info: Redefining \addtolength on input line 81.
\calc@Ccount=\count126
\calc@Cskip=\skip47
)
\c@@todonotes@numberoftodonotes=\count127
)
(/usr/local/texlive/2016/texmf-dist/tex/latex/multirow/multirow.sty
\bigstrutjot=\dimen178
)
(/usr/local/texlive/2016/texmf-dist/tex/latex/graphics/epsfig.sty
Package: epsfig 1999/02/16 v1.7a (e)psfig emulation (SPQR)
\epsfxsize=\dimen179
\epsfysize=\dimen180
)
(/usr/local/texlive/2016/texmf-dist/tex/latex/amsmath/amsmath.sty
Package: amsmath 2016/03/10 v2.15b AMS math features
\@mathmargin=\skip48

For additional information on amsmath, use the `?' option.
(/usr/local/texlive/2016/texmf-dist/tex/latex/amsmath/amstext.sty
Package: amstext 2000/06/29 v2.01 AMS text

(/usr/local/texlive/2016/texmf-dist/tex/latex/amsmath/amsgen.sty
File: amsgen.sty 1999/11/30 v2.0 generic functions
\@emptytoks=\toks31
\ex@=\dimen181
))
(/usr/local/texlive/2016/texmf-dist/tex/latex/amsmath/amsbsy.sty
Package: amsbsy 1999/11/29 v1.2d Bold Symbols
\pmbraise@=\dimen182
)
(/usr/local/texlive/2016/texmf-dist/tex/latex/amsmath/amsopn.sty
Package: amsopn 2016/03/08 v2.02 operator names
)
\inf@bad=\count128
LaTeX Info: Redefining \frac on input line 199.
\uproot@=\count129
\leftroot@=\count130
LaTeX Info: Redefining \overline on input line 297.
\classnum@=\count131
\DOTSCASE@=\count132
LaTeX Info: Redefining \ldots on input line 394.
LaTeX Info: Redefining \dots on input line 397.
LaTeX Info: Redefining \cdots on input line 518.
\Mathstrutbox@=\box39
\strutbox@=\box40
\big@size=\dimen183
LaTeX Font Info:    Redeclaring font encoding OML on input line 634.
LaTeX Font Info:    Redeclaring font encoding OMS on input line 635.
\macc@depth=\count133
\c@MaxMatrixCols=\count134
\dotsspace@=\muskip10
\c@parentequation=\count135
\dspbrk@lvl=\count136
\tag@help=\toks32
\row@=\count137
\column@=\count138
\maxfields@=\count139
\andhelp@=\toks33
\eqnshift@=\dimen184
\alignsep@=\dimen185
\tagshift@=\dimen186
\tagwidth@=\dimen187
\totwidth@=\dimen188
\lineht@=\dimen189
\@envbody=\toks34
\multlinegap=\skip49
\multlinetaggap=\skip50
\mathdisplay@stack=\toks35
LaTeX Info: Redefining \[ on input line 2739.
LaTeX Info: Redefining \] on input line 2740.
)
(/usr/local/texlive/2016/texmf-dist/tex/latex/doublestroke/dsfont.sty
Package: dsfont 1995/08/01 v0.1 Double stroke roman fonts
)
(/usr/local/texlive/2016/texmf-dist/tex/latex/soul/soul.sty
Package: soul 2003/11/17 v2.4 letterspacing/underlining (mf)
\SOUL@word=\toks36
\SOUL@lasttoken=\toks37
\SOUL@cmds=\toks38
\SOUL@buffer=\toks39
\SOUL@token=\toks40
\SOUL@spaceskip=\skip51
\SOUL@ttwidth=\dimen190
\SOUL@uldp=\dimen191
\SOUL@ulht=\dimen192
)
(/usr/local/texlive/2016/texmf-dist/tex/latex/caption/subcaption.sty
Package: subcaption 2016/02/20 v1.1-142 Sub-captions (AR)

(/usr/local/texlive/2016/texmf-dist/tex/latex/caption/caption.sty
Package: caption 2016/02/21 v3.3-144 Customizing captions (AR)

(/usr/local/texlive/2016/texmf-dist/tex/latex/caption/caption3.sty
Package: caption3 2016/02/04 v1.7-139 caption3 kernel (AR)
Package caption3 Info: TeX engine: e-TeX on input line 67.
\captionmargin=\dimen193
\captionmargin@=\dimen194
\captionwidth=\dimen195
\caption@tempdima=\dimen196
\caption@indent=\dimen197
\caption@parindent=\dimen198
\caption@hangindent=\dimen199
)
\c@ContinuedFloat=\count140
Package caption Info: listings package is loaded.
)
\c@subfigure=\count141
\c@subtable=\count142
)
(/usr/local/texlive/2016/texmf-dist/tex/latex/float/float.sty
Package: float 2001/11/08 v1.3d Float enhancements (AL)
\c@float@type=\count143
\float@exts=\toks41
\float@box=\box41
\@float@everytoks=\toks42
\@floatcapt=\box42
) (./preamble.tex) (/usr/local/texlive/2016/texmf-dist/tex/latex/subfiles/subfi
les.sty
Package: subfiles 2012/05/23 Federico Garcia

(/usr/local/texlive/2016/texmf-dist/tex/latex/tools/verbatim.sty
Package: verbatim 2014/10/28 v1.5q LaTeX2e package for verbatim enhancements
\every@verbatim=\toks43
\verbatim@line=\toks44
\verbatim@in@stream=\read2
))
(/usr/local/texlive/2016/texmf-dist/tex/latex/hyperref/hyperref.sty
Package: hyperref 2016/05/05 v6.83n Hypertext links for LaTeX

(/usr/local/texlive/2016/texmf-dist/tex/generic/oberdiek/hobsub-hyperref.sty
Package: hobsub-hyperref 2016/05/16 v1.14 Bundle oberdiek, subset hyperref (HO)


(/usr/local/texlive/2016/texmf-dist/tex/generic/oberdiek/hobsub-generic.sty
Package: hobsub-generic 2016/05/16 v1.14 Bundle oberdiek, subset generic (HO)
Package: hobsub 2016/05/16 v1.14 Construct package bundles (HO)
Package hobsub Info: Skipping package `infwarerr' (already loaded).
Package hobsub Info: Skipping package `ltxcmds' (already loaded).
Package: ifluatex 2016/05/16 v1.4 Provides the ifluatex switch (HO)
Package ifluatex Info: LuaTeX not detected.
Package hobsub Info: Skipping package `ifvtex' (already loaded).
Package: intcalc 2016/05/16 v1.2 Expandable calculations with integers (HO)
Package hobsub Info: Skipping package `ifpdf' (already loaded).
Package: etexcmds 2016/05/16 v1.6 Avoid name clashes with e-TeX commands (HO)
Package etexcmds Info: Could not find \expanded.
(etexcmds)             That can mean that you are not using pdfTeX 1.50 or
(etexcmds)             that some package has redefined \expanded.
(etexcmds)             In the latter case, load this package earlier.
Package: kvsetkeys 2016/05/16 v1.17 Key value parser (HO)
Package: kvdefinekeys 2016/05/16 v1.4 Define keys (HO)
Package: pdftexcmds 2016/05/10 v0.21 Utility functions of pdfTeX for LuaTeX (HO
)
Package pdftexcmds Info: LuaTeX not detected.
Package pdftexcmds Info: \pdf@primitive is available.
Package pdftexcmds Info: \pdf@ifprimitive is available.
Package pdftexcmds Info: \pdfdraftmode found.
Package: pdfescape 2016/05/16 v1.14 Implements pdfTeX's escape features (HO)
Package: bigintcalc 2016/05/16 v1.4 Expandable calculations on big integers (HO
)
Package: bitset 2016/05/16 v1.2 Handle bit-vector datatype (HO)
Package: uniquecounter 2016/05/16 v1.3 Provide unlimited unique counter (HO)
)
Package hobsub Info: Skipping package `hobsub' (already loaded).
Package: letltxmacro 2016/05/16 v1.5 Let assignment for LaTeX macros (HO)
Package: hopatch 2016/05/16 v1.3 Wrapper for package hooks (HO)
Package: xcolor-patch 2016/05/16 xcolor patch
Package: atveryend 2016/05/16 v1.9 Hooks at the very end of document (HO)
Package atveryend Info: \enddocument detected (standard20110627).
Package: atbegshi 2016/05/16 v1.17 At begin shipout hook (HO)
Package: refcount 2016/05/16 v3.5 Data extraction from label references (HO)
Package: hycolor 2016/05/16 v1.8 Color options for hyperref/bookmark (HO)
)
(/usr/local/texlive/2016/texmf-dist/tex/latex/oberdiek/auxhook.sty
Package: auxhook 2016/05/16 v1.4 Hooks for auxiliary files (HO)
)
(/usr/local/texlive/2016/texmf-dist/tex/latex/oberdiek/kvoptions.sty
Package: kvoptions 2016/05/16 v3.12 Key value format for package options (HO)
)
\@linkdim=\dimen256
\Hy@linkcounter=\count144
\Hy@pagecounter=\count145

(/usr/local/texlive/2016/texmf-dist/tex/latex/hyperref/pd1enc.def
File: pd1enc.def 2016/05/05 v6.83n Hyperref: PDFDocEncoding definition (HO)
)
\Hy@SavedSpaceFactor=\count146

(/usr/local/texlive/2016/texmf-dist/tex/latex/latexconfig/hyperref.cfg
File: hyperref.cfg 2002/06/06 v1.2 hyperref configuration of TeXLive
)
Package hyperref Info: Hyper figures OFF on input line 4446.
Package hyperref Info: Link nesting OFF on input line 4451.
Package hyperref Info: Hyper index ON on input line 4454.
Package hyperref Info: Plain pages OFF on input line 4461.
Package hyperref Info: Backreferencing OFF on input line 4466.
Package hyperref Info: Implicit mode ON; LaTeX internals redefined.
Package hyperref Info: Bookmarks ON on input line 4691.
\c@Hy@tempcnt=\count147

(/usr/local/texlive/2016/texmf-dist/tex/latex/url/url.sty
\Urlmuskip=\muskip11
Package: url 2013/09/16  ver 3.4  Verb mode for urls, etc.
)
LaTeX Info: Redefining \url on input line 5044.
\XeTeXLinkMargin=\dimen257
\Fld@menulength=\count148
\Field@Width=\dimen258
\Fld@charsize=\dimen259
Package hyperref Info: Hyper figures OFF on input line 6298.
Package hyperref Info: Link nesting OFF on input line 6303.
Package hyperref Info: Hyper index ON on input line 6306.
Package hyperref Info: backreferencing OFF on input line 6313.
Package hyperref Info: Link coloring OFF on input line 6318.
Package hyperref Info: Link coloring with OCG OFF on input line 6323.
Package hyperref Info: PDF/A mode OFF on input line 6328.
LaTeX Info: Redefining \ref on input line 6368.
LaTeX Info: Redefining \pageref on input line 6372.
\Hy@abspage=\count149
\c@Item=\count150
\c@Hfootnote=\count151
)

Package hyperref Message: Driver (autodetected): hpdftex.

(/usr/local/texlive/2016/texmf-dist/tex/latex/hyperref/hpdftex.def
File: hpdftex.def 2016/05/05 v6.83n Hyperref driver for pdfTeX
\Fld@listcount=\count152
\c@bookmark@seq@number=\count153

(/usr/local/texlive/2016/texmf-dist/tex/latex/oberdiek/rerunfilecheck.sty
Package: rerunfilecheck 2016/05/16 v1.8 Rerun checks for auxiliary files (HO)
Package uniquecounter Info: New unique counter `rerunfilecheck' on input line 2
82.
)
\Hy@SectionHShift=\skip52
)
(./AdvancementSummary.aux)
\openout1 = `AdvancementSummary.aux'.

LaTeX Font Info:    Checking defaults for OML/cmm/m/it on input line 111.
LaTeX Font Info:    ... okay on input line 111.
LaTeX Font Info:    Checking defaults for T1/cmr/m/n on input line 111.
LaTeX Font Info:    ... okay on input line 111.
LaTeX Font Info:    Checking defaults for OT1/cmr/m/n on input line 111.
LaTeX Font Info:    ... okay on input line 111.
LaTeX Font Info:    Checking defaults for OMS/cmsy/m/n on input line 111.
LaTeX Font Info:    ... okay on input line 111.
LaTeX Font Info:    Checking defaults for OMX/cmex/m/n on input line 111.
LaTeX Font Info:    ... okay on input line 111.
LaTeX Font Info:    Checking defaults for U/cmr/m/n on input line 111.
LaTeX Font Info:    ... okay on input line 111.
LaTeX Font Info:    Checking defaults for TS1/cmr/m/n on input line 111.
LaTeX Font Info:    Try loading font information for TS1+cmr on input line 111.


(/usr/local/texlive/2016/texmf-dist/tex/latex/base/ts1cmr.fd
File: ts1cmr.fd 2014/09/29 v2.5h Standard LaTeX font definitions
)
LaTeX Font Info:    ... okay on input line 111.
LaTeX Font Info:    Checking defaults for PD1/pdf/m/n on input line 111.
LaTeX Font Info:    ... okay on input line 111.

*geometry* driver: auto-detecting
*geometry* detected driver: pdftex
*geometry* verbose mode - [ preamble ] result:
* driver: pdftex
* paper: <default>
* layout: <same size as paper>
* layoutoffset:(h,v)=(0.0pt,0.0pt)
* modes: 
* h-part:(L,W,R)=(72.26999pt, 469.75502pt, 72.26999pt)
* v-part:(T,H,B)=(72.26999pt, 650.43001pt, 72.26999pt)
* \paperwidth=614.295pt
* \paperheight=794.96999pt
* \textwidth=469.75502pt
* \textheight=650.43001pt
* \oddsidemargin=0.0pt
* \evensidemargin=0.0pt
* \topmargin=-37.0pt
* \headheight=12.0pt
* \headsep=25.0pt
* \topskip=10.0pt
* \footskip=30.0pt
* \marginparwidth=65.0pt
* \marginparsep=11.0pt
* \columnsep=10.0pt
* \skip\footins=9.0pt plus 4.0pt minus 2.0pt
* \hoffset=0.0pt
* \voffset=0.0pt
* \mag=1000
* \@twocolumnfalse
* \@twosidefalse
* \@mparswitchfalse
* \@reversemarginfalse
* (1in=72.27pt=25.4mm, 1cm=28.453pt)

(/usr/local/texlive/2016/texmf-dist/tex/context/base/mkii/supp-pdf.mkii
[Loading MPS to PDF converter (version 2006.09.02).]
\scratchcounter=\count154
\scratchdimen=\dimen260
\scratchbox=\box43
\nofMPsegments=\count155
\nofMParguments=\count156
\everyMPshowfont=\toks45
\MPscratchCnt=\count157
\MPscratchDim=\dimen261
\MPnumerator=\count158
\makeMPintoPDFobject=\count159
\everyMPtoPDFconversion=\toks46
)
\c@lstlisting=\count160
 ABD: EveryShipout initializing macros
(/usr/local/texlive/2016/texmf-dist/tex/latex/oberdiek/epstopdf-base.sty
Package: epstopdf-base 2016/05/15 v2.6 Base part for package epstopdf

(/usr/local/texlive/2016/texmf-dist/tex/latex/oberdiek/grfext.sty
Package: grfext 2016/05/16 v1.2 Manage graphics extensions (HO)
)
Package grfext Info: Graphics extension search list:
(grfext)             [.png,.pdf,.jpg,.mps,.jpeg,.jbig2,.jb2,.PNG,.PDF,.JPG,.JPE
G,.JBIG2,.JB2,.eps]
(grfext)             \AppendGraphicsExtensions on input line 456.

(/usr/local/texlive/2016/texmf-dist/tex/latex/latexconfig/epstopdf-sys.cfg
File: epstopdf-sys.cfg 2010/07/13 v1.3 Configuration of (r)epstopdf for TeX Liv
e
))
Package caption Info: Begin \AtBeginDocument code.
Package caption Info: float package is loaded.
Package caption Info: hyperref package is loaded.
Package caption Info: End \AtBeginDocument code.
\AtBeginShipoutBox=\box44
Package hyperref Info: Link coloring OFF on input line 111.

(/usr/local/texlive/2016/texmf-dist/tex/latex/hyperref/nameref.sty
Package: nameref 2012/10/27 v2.43 Cross-referencing by name of section

(/usr/local/texlive/2016/texmf-dist/tex/generic/oberdiek/gettitlestring.sty
Package: gettitlestring 2016/05/16 v1.5 Cleanup title references (HO)
)
\c@section@level=\count161
)
LaTeX Info: Redefining \ref on input line 111.
LaTeX Info: Redefining \pageref on input line 111.
LaTeX Info: Redefining \nameref on input line 111.

(./AdvancementSummary.out) (./AdvancementSummary.out)
\@outlinefile=\write4
\openout4 = `AdvancementSummary.out'.

 [1

{/usr/local/texlive/2016/texmf-var/fonts/map/pdftex/updmap/pdftex.map}] (./Adva
ncementSummary.toc
[2

])
\tf@toc=\write5
\openout5 = `AdvancementSummary.toc'.

 [3] (./Abstract/Abstract.tex) (./Background/Background.tex
Package epstopdf Info: Source file: <Background/Figures/TCRDiagram.eps>
(epstopdf)                    date: 2017-05-23 14:07:51
(epstopdf)                    size: 1219120 bytes
(epstopdf)             Output file: <Background/Figures/TCRDiagram-eps-converte
d-to.pdf>
(epstopdf)                    date: 2017-05-23 14:07:51
(epstopdf)                    size: 359540 bytes
(epstopdf)             Command: <repstopdf --outfile=Background/Figures/TCRDiag
ram-eps-converted-to.pdf Background/Figures/TCRDiagram.eps>
(epstopdf)             \includegraphics on input line 64.
Package epstopdf Info: Output file is already uptodate.

<Background/Figures/TCRDiagram-eps-converted-to.pdf, id=271, 598.235pt x 343.28
25pt>
File: Background/Figures/TCRDiagram-eps-converted-to.pdf Graphic file (type pdf
)
 <use Background/Figures/TCRDiagram-eps-converted-to.pdf>
Package pdftex.def Info: Background/Figures/TCRDiagram-eps-converted-to.pdf use
d on input line 64.
(pdftex.def)             Requested size: 375.80544pt x 215.65102pt.
 [4])
(./ModelDevelopment/ModelDevelopment.tex [5 <./Background/Figures/TCRDiagram-ep
s-converted-to.pdf>] [6]
Package epstopdf Info: Source file: <ModelDevelopment/ModelConfirmationFigures/
RMSEndtoEnd.eps>
(epstopdf)                    date: 2017-05-23 11:41:26
(epstopdf)                    size: 47308 bytes
(epstopdf)             Output file: <ModelDevelopment/ModelConfirmationFigures/
RMSEndtoEnd-eps-converted-to.pdf>
(epstopdf)                    date: 2017-05-23 11:41:26
(epstopdf)                    size: 19250 bytes
(epstopdf)             Command: <repstopdf --outfile=ModelDevelopment/ModelConf
irmationFigures/RMSEndtoEnd-eps-converted-to.pdf ModelDevelopment/ModelConfirma
tionFigures/RMSEndtoEnd.eps>
(epstopdf)             \includegraphics on input line 65.
Package epstopdf Info: Output file is already uptodate.

<ModelDevelopment/ModelConfirmationFigures/RMSEndtoEnd-eps-converted-to.pdf, id
=335, 501.875pt x 412.54124pt>
File: ModelDevelopment/ModelConfirmationFigures/RMSEndtoEnd-eps-converted-to.pd
f Graphic file (type pdf)

<use ModelDevelopment/ModelConfirmationFigures/RMSEndtoEnd-eps-converted-to.pdf
>
Package pdftex.def Info: ModelDevelopment/ModelConfirmationFigures/RMSEndtoEnd-
eps-converted-to.pdf used on input line 65.
(pdftex.def)             Requested size: 234.8775pt x 193.06978pt.
 [7]
Package epstopdf Info: Source file: <ModelDevelopment/ModelConfirmationFigures/
ReeDistribution.eps>
(epstopdf)                    date: 2017-05-23 11:41:26
(epstopdf)                    size: 398312 bytes
(epstopdf)             Output file: <ModelDevelopment/ModelConfirmationFigures/
ReeDistribution-eps-converted-to.pdf>
(epstopdf)                    date: 2017-05-23 11:41:26
(epstopdf)                    size: 76513 bytes
(epstopdf)             Command: <repstopdf --outfile=ModelDevelopment/ModelConf
irmationFigures/ReeDistribution-eps-converted-to.pdf ModelDevelopment/ModelConf
irmationFigures/ReeDistribution.eps>
(epstopdf)             \includegraphics on input line 77.
Package epstopdf Info: Output file is already uptodate.

<ModelDevelopment/ModelConfirmationFigures/ReeDistribution-eps-converted-to.pdf
, id=349, 737.75626pt x 649.42625pt>
File: ModelDevelopment/ModelConfirmationFigures/ReeDistribution-eps-converted-t
o.pdf Graphic file (type pdf)

<use ModelDevelopment/ModelConfirmationFigures/ReeDistribution-eps-converted-to
.pdf>
Package pdftex.def Info: ModelDevelopment/ModelConfirmationFigures/ReeDistribut
ion-eps-converted-to.pdf used on input line 77.
(pdftex.def)             Requested size: 375.80544pt x 330.80663pt.
 [8 <./ModelDevelopment/ModelConfirmationFigures/RMSEndtoEnd-eps-converted-to.p
df>] [9 <./ModelDevelopment/ModelConfirmationFigures/ReeDistribution-eps-conver
ted-to.pdf>]
Package epstopdf Info: Source file: <ModelDevelopment/LckPyMol/Diagonal.eps>
(epstopdf)                    date: 2017-06-01 11:03:38
(epstopdf)                    size: 216463 bytes
(epstopdf)             Output file: <ModelDevelopment/LckPyMol/Diagonal-eps-con
verted-to.pdf>
(epstopdf)                    date: 2017-06-01 15:06:44
(epstopdf)                    size: 149766 bytes
(epstopdf)             Command: <repstopdf --outfile=ModelDevelopment/LckPyMol/
Diagonal-eps-converted-to.pdf ModelDevelopment/LckPyMol/Diagonal.eps>
(epstopdf)             \includegraphics on input line 114.
Package epstopdf Info: Output file is already uptodate.

<ModelDevelopment/LckPyMol/Diagonal-eps-converted-to.pdf, id=380, 410.53375pt x
 559.08875pt>
File: ModelDevelopment/LckPyMol/Diagonal-eps-converted-to.pdf Graphic file (typ
e pdf)
 <use ModelDevelopment/LckPyMol/Diagonal-eps-converted-to.pdf>
Package pdftex.def Info: ModelDevelopment/LckPyMol/Diagonal-eps-converted-to.pd
f used on input line 114.
(pdftex.def)             Requested size: 187.89914pt x 255.88722pt.
Package epstopdf Info: Source file: <ModelDevelopment/LckPyMol/LWD.eps>
(epstopdf)                    date: 2017-06-01 11:03:38
(epstopdf)                    size: 232114 bytes
(epstopdf)             Output file: <ModelDevelopment/LckPyMol/LWD-eps-converte
d-to.pdf>
(epstopdf)                    date: 2017-06-01 11:03:38
(epstopdf)                    size: 158277 bytes
(epstopdf)             Command: <repstopdf --outfile=ModelDevelopment/LckPyMol/
LWD-eps-converted-to.pdf ModelDevelopment/LckPyMol/LWD.eps>
(epstopdf)             \includegraphics on input line 118.
Package epstopdf Info: Output file is already uptodate.

<ModelDevelopment/LckPyMol/LWD-eps-converted-to.pdf, id=381, 410.53375pt x 559.
08875pt>
File: ModelDevelopment/LckPyMol/LWD-eps-converted-to.pdf Graphic file (type pdf
)
 <use ModelDevelopment/LckPyMol/LWD-eps-converted-to.pdf>
Package pdftex.def Info: ModelDevelopment/LckPyMol/LWD-eps-converted-to.pdf use
d on input line 118.
(pdftex.def)             Requested size: 187.89914pt x 255.88722pt.
)
(./Results/LocalStructuring/LocalStructuring.tex
Overfull \hbox (1.46802pt too wide) in paragraph at lines 17--18
\OT1/cmr/m/n/10 There is ev-i-dence that in-di-cates some IDPs un-dergo a disor
dered-to-ordered tran-si-tion upon post-translational
 []

[10 <./ModelDevelopment/LckPyMol/Diagonal-eps-converted-to.pdf> <./ModelDevelop
ment/LckPyMol/LWD-eps-converted-to.pdf>]
Package epstopdf Info: Source file: <Results/LocalStructuring/ResultsFigures/St
iffeningDiagram/StiffeningDiagram.eps>
(epstopdf)                    date: 2017-05-23 11:41:26
(epstopdf)                    size: 28476 bytes
(epstopdf)             Output file: <Results/LocalStructuring/ResultsFigures/St
iffeningDiagram/StiffeningDiagram-eps-converted-to.pdf>
(epstopdf)                    date: 2017-05-23 11:41:26
(epstopdf)                    size: 12339 bytes
(epstopdf)             Command: <repstopdf --outfile=Results/LocalStructuring/R
esultsFigures/StiffeningDiagram/StiffeningDiagram-eps-converted-to.pdf Results/
LocalStructuring/ResultsFigures/StiffeningDiagram/StiffeningDiagram.eps>
(epstopdf)             \includegraphics on input line 37.
Package epstopdf Info: Output file is already uptodate.

<Results/LocalStructuring/ResultsFigures/StiffeningDiagram/StiffeningDiagram-ep
s-converted-to.pdf, id=409, 1055.945pt x 320.19624pt>
File: Results/LocalStructuring/ResultsFigures/StiffeningDiagram/StiffeningDiagr
am-eps-converted-to.pdf Graphic file (type pdf)

<use Results/LocalStructuring/ResultsFigures/StiffeningDiagram/StiffeningDiagra
m-eps-converted-to.pdf>
Package pdftex.def Info: Results/LocalStructuring/ResultsFigures/StiffeningDiag
ram/StiffeningDiagram-eps-converted-to.pdf used on input line 37.
(pdftex.def)             Requested size: 375.80544pt x 113.95627pt.
 [11]
Package epstopdf Info: Source file: <Results/LocalStructuring/ResultsFigures/Ge
neral/ReeDistributionHalfVSFreeSim.eps>
(epstopdf)                    date: 2017-05-23 11:41:26
(epstopdf)                    size: 394420 bytes
(epstopdf)             Output file: <Results/LocalStructuring/ResultsFigures/Ge
neral/ReeDistributionHalfVSFreeSim-eps-converted-to.pdf>
(epstopdf)                    date: 2017-05-23 11:41:26
(epstopdf)                    size: 73569 bytes
(epstopdf)             Command: <repstopdf --outfile=Results/LocalStructuring/R
esultsFigures/General/ReeDistributionHalfVSFreeSim-eps-converted-to.pdf Results
/LocalStructuring/ResultsFigures/General/ReeDistributionHalfVSFreeSim.eps>
(epstopdf)             \includegraphics on input line 55.
Package epstopdf Info: Output file is already uptodate.

<Results/LocalStructuring/ResultsFigures/General/ReeDistributionHalfVSFreeSim-e
ps-converted-to.pdf, id=419, 737.75626pt x 649.42625pt>
File: Results/LocalStructuring/ResultsFigures/General/ReeDistributionHalfVSFree
Sim-eps-converted-to.pdf Graphic file (type pdf)

<use Results/LocalStructuring/ResultsFigures/General/ReeDistributionHalfVSFreeS
im-eps-converted-to.pdf>
Package pdftex.def Info: Results/LocalStructuring/ResultsFigures/General/ReeDis
tributionHalfVSFreeSim-eps-converted-to.pdf used on input line 55.
(pdftex.def)             Requested size: 375.80544pt x 330.80663pt.
 [12 <./Results/LocalStructuring/ResultsFigures/StiffeningDiagram/StiffeningDia
gram-eps-converted-to.pdf>]
Package epstopdf Info: Source file: <Results/LocalStructuring/ResultsFigures/Ge
neral/OcclusionVSNVSRFree.eps>
(epstopdf)                    date: 2017-05-23 11:41:26
(epstopdf)                    size: 472987 bytes
(epstopdf)             Output file: <Results/LocalStructuring/ResultsFigures/Ge
neral/OcclusionVSNVSRFree-eps-converted-to.pdf>
(epstopdf)                    date: 2017-05-23 11:41:26
(epstopdf)                    size: 55909 bytes
(epstopdf)             Command: <repstopdf --outfile=Results/LocalStructuring/R
esultsFigures/General/OcclusionVSNVSRFree-eps-converted-to.pdf Results/LocalStr
ucturing/ResultsFigures/General/OcclusionVSNVSRFree.eps>
(epstopdf)             \includegraphics on input line 70.
Package epstopdf Info: Output file is already uptodate.

<Results/LocalStructuring/ResultsFigures/General/OcclusionVSNVSRFree-eps-conver
ted-to.pdf, id=433, 514.92375pt x 410.53375pt>
File: Results/LocalStructuring/ResultsFigures/General/OcclusionVSNVSRFree-eps-c
onverted-to.pdf Graphic file (type pdf)

<use Results/LocalStructuring/ResultsFigures/General/OcclusionVSNVSRFree-eps-co
nverted-to.pdf>
Package pdftex.def Info: Results/LocalStructuring/ResultsFigures/General/Occlus
ionVSNVSRFree-eps-converted-to.pdf used on input line 70.
(pdftex.def)             Requested size: 187.89914pt x 149.80286pt.
Package epstopdf Info: Source file: <Results/LocalStructuring/ResultsFigures/Ge
neral/OcclusionVSNVSRHalf.eps>
(epstopdf)                    date: 2017-05-23 11:41:26
(epstopdf)                    size: 453809 bytes
(epstopdf)             Output file: <Results/LocalStructuring/ResultsFigures/Ge
neral/OcclusionVSNVSRHalf-eps-converted-to.pdf>
(epstopdf)                    date: 2017-05-23 11:41:26
(epstopdf)                    size: 53706 bytes
(epstopdf)             Command: <repstopdf --outfile=Results/LocalStructuring/R
esultsFigures/General/OcclusionVSNVSRHalf-eps-converted-to.pdf Results/LocalStr
ucturing/ResultsFigures/General/OcclusionVSNVSRHalf.eps>
(epstopdf)             \includegraphics on input line 74.
Package epstopdf Info: Output file is already uptodate.

<Results/LocalStructuring/ResultsFigures/General/OcclusionVSNVSRHalf-eps-conver
ted-to.pdf, id=434, 523.9575pt x 410.53375pt>
File: Results/LocalStructuring/ResultsFigures/General/OcclusionVSNVSRHalf-eps-c
onverted-to.pdf Graphic file (type pdf)

<use Results/LocalStructuring/ResultsFigures/General/OcclusionVSNVSRHalf-eps-co
nverted-to.pdf>
Package pdftex.def Info: Results/LocalStructuring/ResultsFigures/General/Occlus
ionVSNVSRHalf-eps-converted-to.pdf used on input line 74.
(pdftex.def)             Requested size: 187.89914pt x 147.22198pt.
Package epstopdf Info: Source file: <Results/LocalStructuring/ResultsFigures/Ge
neral/OcclusionVSNVSRFreeMid.eps>
(epstopdf)                    date: 2017-05-23 11:41:26
(epstopdf)                    size: 438842 bytes
(epstopdf)             Output file: <Results/LocalStructuring/ResultsFigures/Ge
neral/OcclusionVSNVSRFreeMid-eps-converted-to.pdf>
(epstopdf)                    date: 2017-05-23 11:41:26
(epstopdf)                    size: 48533 bytes
(epstopdf)             Command: <repstopdf --outfile=Results/LocalStructuring/R
esultsFigures/General/OcclusionVSNVSRFreeMid-eps-converted-to.pdf Results/Local
Structuring/ResultsFigures/General/OcclusionVSNVSRFreeMid.eps>
(epstopdf)             \includegraphics on input line 78.
Package epstopdf Info: Output file is already uptodate.

<Results/LocalStructuring/ResultsFigures/General/OcclusionVSNVSRFreeMid-eps-con
verted-to.pdf, id=435, 514.92375pt x 410.53375pt>
File: Results/LocalStructuring/ResultsFigures/General/OcclusionVSNVSRFreeMid-ep
s-converted-to.pdf Graphic file (type pdf)

<use Results/LocalStructuring/ResultsFigures/General/OcclusionVSNVSRFreeMid-eps
-converted-to.pdf>
Package pdftex.def Info: Results/LocalStructuring/ResultsFigures/General/Occlus
ionVSNVSRFreeMid-eps-converted-to.pdf used on input line 78.
(pdftex.def)             Requested size: 187.89914pt x 149.80286pt.
Package epstopdf Info: Source file: <Results/LocalStructuring/ResultsFigures/Ge
neral/OcclusionVSNVSRHalfMid.eps>
(epstopdf)                    date: 2017-05-23 11:41:26
(epstopdf)                    size: 425322 bytes
(epstopdf)             Output file: <Results/LocalStructuring/ResultsFigures/Ge
neral/OcclusionVSNVSRHalfMid-eps-converted-to.pdf>
(epstopdf)                    date: 2017-05-23 11:41:26
(epstopdf)                    size: 47638 bytes
(epstopdf)             Command: <repstopdf --outfile=Results/LocalStructuring/R
esultsFigures/General/OcclusionVSNVSRHalfMid-eps-converted-to.pdf Results/Local
Structuring/ResultsFigures/General/OcclusionVSNVSRHalfMid.eps>
(epstopdf)             \includegraphics on input line 82.
Package epstopdf Info: Output file is already uptodate.

<Results/LocalStructuring/ResultsFigures/General/OcclusionVSNVSRHalfMid-eps-con
verted-to.pdf, id=436, 523.9575pt x 410.53375pt>
File: Results/LocalStructuring/ResultsFigures/General/OcclusionVSNVSRHalfMid-ep
s-converted-to.pdf Graphic file (type pdf)

<use Results/LocalStructuring/ResultsFigures/General/OcclusionVSNVSRHalfMid-eps
-converted-to.pdf>
Package pdftex.def Info: Results/LocalStructuring/ResultsFigures/General/Occlus
ionVSNVSRHalfMid-eps-converted-to.pdf used on input line 82.
(pdftex.def)             Requested size: 187.89914pt x 147.22198pt.
 [13 <./Results/LocalStructuring/ResultsFigures/General/ReeDistributionHalfVSFr
eeSim-eps-converted-to.pdf>]
LaTeX Font Info:    Try loading font information for U+dsrom on input line 105.


(/usr/local/texlive/2016/texmf-dist/tex/latex/doublestroke/Udsrom.fd
File: Udsrom.fd 1995/08/01 v0.1 Double stroke roman font definitions
) [14 <./Results/LocalStructuring/ResultsFigures/General/OcclusionVSNVSRFree-ep
s-converted-to.pdf> <./Results/LocalStructuring/ResultsFigures/General/Occlusio
nVSNVSRHalf-eps-converted-to.pdf> <./Results/LocalStructuring/ResultsFigures/Ge
neral/OcclusionVSNVSRFreeMid-eps-converted-to.pdf> <./Results/LocalStructuring/
ResultsFigures/General/OcclusionVSNVSRHalfMid-eps-converted-to.pdf>]
Package epstopdf Info: Source file: <Results/LocalStructuring/ResultsFigures/Ge
neral/Analytic/BindingVSAnalyticN100N150.eps>
(epstopdf)                    date: 2017-06-21 22:31:49
(epstopdf)                    size: 29484 bytes
(epstopdf)             Output file: <Results/LocalStructuring/ResultsFigures/Ge
neral/Analytic/BindingVSAnalyticN100N150-eps-converted-to.pdf>
(epstopdf)                    date: 2017-06-21 22:31:49
(epstopdf)                    size: 14722 bytes
(epstopdf)             Command: <repstopdf --outfile=Results/LocalStructuring/R
esultsFigures/General/Analytic/BindingVSAnalyticN100N150-eps-converted-to.pdf R
esults/LocalStructuring/ResultsFigures/General/Analytic/BindingVSAnalyticN100N1
50.eps>
(epstopdf)             \includegraphics on input line 123.
Package epstopdf Info: Output file is already uptodate.

<Results/LocalStructuring/ResultsFigures/General/Analytic/BindingVSAnalyticN100
N150-eps-converted-to.pdf, id=493, 723.70375pt x 532.99126pt>
File: Results/LocalStructuring/ResultsFigures/General/Analytic/BindingVSAnalyti
cN100N150-eps-converted-to.pdf Graphic file (type pdf)

<use Results/LocalStructuring/ResultsFigures/General/Analytic/BindingVSAnalytic
N100N150-eps-converted-to.pdf>
Package pdftex.def Info: Results/LocalStructuring/ResultsFigures/General/Analyt
ic/BindingVSAnalyticN100N150-eps-converted-to.pdf used on input line 123.
(pdftex.def)             Requested size: 328.82707pt x 242.17796pt.
 [15 <./Results/LocalStructuring/ResultsFigures/General/Analytic/BindingVSAnaly
ticN100N150-eps-converted-to.pdf>]
Package epstopdf Info: Source file: <Results/LocalStructuring/ResultsFigures/CD
3ZetaStiffeningMembraneOn/AvgBindVSTotalPhosColorMapLabeled.eps>
(epstopdf)                    date: 2017-05-23 11:41:26
(epstopdf)                    size: 94515 bytes
(epstopdf)             Output file: <Results/LocalStructuring/ResultsFigures/CD
3ZetaStiffeningMembraneOn/AvgBindVSTotalPhosColorMapLabeled-eps-converted-to.pd
f>
(epstopdf)                    date: 2017-05-23 11:41:26
(epstopdf)                    size: 31346 bytes
(epstopdf)             Command: <repstopdf --outfile=Results/LocalStructuring/R
esultsFigures/CD3ZetaStiffeningMembraneOn/AvgBindVSTotalPhosColorMapLabeled-eps
-converted-to.pdf Results/LocalStructuring/ResultsFigures/CD3ZetaStiffeningMemb
raneOn/AvgBindVSTotalPhosColorMapLabeled.eps>
(epstopdf)             \includegraphics on input line 140.
Package epstopdf Info: Output file is already uptodate.

<Results/LocalStructuring/ResultsFigures/CD3ZetaStiffeningMembraneOn/AvgBindVST
otalPhosColorMapLabeled-eps-converted-to.pdf, id=510, 673.51625pt x 522.95375pt
>
File: Results/LocalStructuring/ResultsFigures/CD3ZetaStiffeningMembraneOn/AvgBi
ndVSTotalPhosColorMapLabeled-eps-converted-to.pdf Graphic file (type pdf)

<use Results/LocalStructuring/ResultsFigures/CD3ZetaStiffeningMembraneOn/AvgBin
dVSTotalPhosColorMapLabeled-eps-converted-to.pdf>
Package pdftex.def Info: Results/LocalStructuring/ResultsFigures/CD3ZetaStiffen
ingMembraneOn/AvgBindVSTotalPhosColorMapLabeled-eps-converted-to.pdf used on in
put line 140.
(pdftex.def)             Requested size: 375.80544pt x 291.79878pt.
 [16 <./Results/LocalStructuring/ResultsFigures/CD3ZetaStiffeningMembraneOn/Avg
BindVSTotalPhosColorMapLabeled-eps-converted-to.pdf>]
Package epstopdf Info: Source file: <Results/LocalStructuring/ResultsFigures/St
iffeningSequentialBinding/MemOn/ProbVSSequence.eps>
(epstopdf)                    date: 2017-06-21 22:31:48
(epstopdf)                    size: 58085 bytes
(epstopdf)             Output file: <Results/LocalStructuring/ResultsFigures/St
iffeningSequentialBinding/MemOn/ProbVSSequence-eps-converted-to.pdf>
(epstopdf)                    date: 2017-06-21 22:31:48
(epstopdf)                    size: 22353 bytes
(epstopdf)             Command: <repstopdf --outfile=Results/LocalStructuring/R
esultsFigures/StiffeningSequentialBinding/MemOn/ProbVSSequence-eps-converted-to
.pdf Results/LocalStructuring/ResultsFigures/StiffeningSequentialBinding/MemOn/
ProbVSSequence.eps>
(epstopdf)             \includegraphics on input line 161.
Package epstopdf Info: Output file is already uptodate.

<Results/LocalStructuring/ResultsFigures/StiffeningSequentialBinding/MemOn/Prob
VSSequence-eps-converted-to.pdf, id=526, 1061.9675pt x 900.36375pt>
File: Results/LocalStructuring/ResultsFigures/StiffeningSequentialBinding/MemOn
/ProbVSSequence-eps-converted-to.pdf Graphic file (type pdf)

<use Results/LocalStructuring/ResultsFigures/StiffeningSequentialBinding/MemOn/
ProbVSSequence-eps-converted-to.pdf>
Package pdftex.def Info: Results/LocalStructuring/ResultsFigures/StiffeningSequ
entialBinding/MemOn/ProbVSSequence-eps-converted-to.pdf used on input line 161.

(pdftex.def)             Requested size: 140.92793pt x 119.4831pt.
Package epstopdf Info: Source file: <Results/LocalStructuring/ResultsFigures/St
iffeningSequentialBinding/MemOff/ProbVSSequence.eps>
(epstopdf)                    date: 2017-06-21 22:31:48
(epstopdf)                    size: 53718 bytes
(epstopdf)             Output file: <Results/LocalStructuring/ResultsFigures/St
iffeningSequentialBinding/MemOff/ProbVSSequence-eps-converted-to.pdf>
(epstopdf)                    date: 2017-06-21 22:31:48
(epstopdf)                    size: 21108 bytes
(epstopdf)             Command: <repstopdf --outfile=Results/LocalStructuring/R
esultsFigures/StiffeningSequentialBinding/MemOff/ProbVSSequence-eps-converted-t
o.pdf Results/LocalStructuring/ResultsFigures/StiffeningSequentialBinding/MemOf
f/ProbVSSequence.eps>
(epstopdf)             \includegraphics on input line 165.
Package epstopdf Info: Output file is already uptodate.

<Results/LocalStructuring/ResultsFigures/StiffeningSequentialBinding/MemOff/Pro
bVSSequence-eps-converted-to.pdf, id=527, 1077.02374pt x 900.36375pt>
File: Results/LocalStructuring/ResultsFigures/StiffeningSequentialBinding/MemOf
f/ProbVSSequence-eps-converted-to.pdf Graphic file (type pdf)

<use Results/LocalStructuring/ResultsFigures/StiffeningSequentialBinding/MemOff
/ProbVSSequence-eps-converted-to.pdf>
Package pdftex.def Info: Results/LocalStructuring/ResultsFigures/StiffeningSequ
entialBinding/MemOff/ProbVSSequence-eps-converted-to.pdf used on input line 165
.
(pdftex.def)             Requested size: 140.92793pt x 117.807pt.
Package epstopdf Info: Source file: <Results/LocalStructuring/ResultsFigures/St
iffeningSequentialBinding/EvenSites/ProbVSSequence.eps>
(epstopdf)                    date: 2017-06-21 22:31:48
(epstopdf)                    size: 56367 bytes
(epstopdf)             Output file: <Results/LocalStructuring/ResultsFigures/St
iffeningSequentialBinding/EvenSites/ProbVSSequence-eps-converted-to.pdf>
(epstopdf)                    date: 2017-06-21 22:31:48
(epstopdf)                    size: 21965 bytes
(epstopdf)             Command: <repstopdf --outfile=Results/LocalStructuring/R
esultsFigures/StiffeningSequentialBinding/EvenSites/ProbVSSequence-eps-converte
d-to.pdf Results/LocalStructuring/ResultsFigures/StiffeningSequentialBinding/Ev
enSites/ProbVSSequence.eps>
(epstopdf)             \includegraphics on input line 169.
Package epstopdf Info: Output file is already uptodate.

<Results/LocalStructuring/ResultsFigures/StiffeningSequentialBinding/EvenSites/
ProbVSSequence-eps-converted-to.pdf, id=528, 1061.9675pt x 901.3675pt>
File: Results/LocalStructuring/ResultsFigures/StiffeningSequentialBinding/EvenS
ites/ProbVSSequence-eps-converted-to.pdf Graphic file (type pdf)

<use Results/LocalStructuring/ResultsFigures/StiffeningSequentialBinding/EvenSi
tes/ProbVSSequence-eps-converted-to.pdf>
Package pdftex.def Info: Results/LocalStructuring/ResultsFigures/StiffeningSequ
entialBinding/EvenSites/ProbVSSequence-eps-converted-to.pdf used on input line 
169.
(pdftex.def)             Requested size: 140.92793pt x 119.61629pt.
Package epstopdf Info: Source file: <Results/LocalStructuring/ResultsFigures/CD
3ZetaStiffeningMembraneOn/Dephosphorylation/AvgBindVSTotalModified5.eps>
(epstopdf)                    date: 2017-05-23 11:41:26
(epstopdf)                    size: 81415 bytes
(epstopdf)             Output file: <Results/LocalStructuring/ResultsFigures/CD
3ZetaStiffeningMembraneOn/Dephosphorylation/AvgBindVSTotalModified5-eps-convert
ed-to.pdf>
(epstopdf)                    date: 2017-05-23 11:41:26
(epstopdf)                    size: 28809 bytes
(epstopdf)             Command: <repstopdf --outfile=Results/LocalStructuring/R
esultsFigures/CD3ZetaStiffeningMembraneOn/Dephosphorylation/AvgBindVSTotalModif
ied5-eps-converted-to.pdf Results/LocalStructuring/ResultsFigures/CD3ZetaStiffe
ningMembraneOn/Dephosphorylation/AvgBindVSTotalModified5.eps>
(epstopdf)             \includegraphics on input line 183.
Package epstopdf Info: Output file is already uptodate.

<Results/LocalStructuring/ResultsFigures/CD3ZetaStiffeningMembraneOn/Dephosphor
ylation/AvgBindVSTotalModified5-eps-converted-to.pdf, id=530, 682.55pt x 516.93
124pt>
File: Results/LocalStructuring/ResultsFigures/CD3ZetaStiffeningMembraneOn/Depho
sphorylation/AvgBindVSTotalModified5-eps-converted-to.pdf Graphic file (type pd
f)

<use Results/LocalStructuring/ResultsFigures/CD3ZetaStiffeningMembraneOn/Dephos
phorylation/AvgBindVSTotalModified5-eps-converted-to.pdf>
Package pdftex.def Info: Results/LocalStructuring/ResultsFigures/CD3ZetaStiffen
ingMembraneOn/Dephosphorylation/AvgBindVSTotalModified5-eps-converted-to.pdf us
ed on input line 183.
(pdftex.def)             Requested size: 375.80544pt x 284.62068pt.
 [17 <./Results/LocalStructuring/ResultsFigures/StiffeningSequentialBinding/Mem
On/ProbVSSequence-eps-converted-to.pdf> <./Results/LocalStructuring/ResultsFigu
res/StiffeningSequentialBinding/MemOff/ProbVSSequence-eps-converted-to.pdf> <./
Results/LocalStructuring/ResultsFigures/StiffeningSequentialBinding/EvenSites/P
robVSSequence-eps-converted-to.pdf>] [18 <./Results/LocalStructuring/ResultsFig
ures/CD3ZetaStiffeningMembraneOn/Dephosphorylation/AvgBindVSTotalModified5-eps-
converted-to.pdf>])
(./Results/Electrostatics/Electrostatics.tex [19] [20]
Underfull \hbox (badness 10000) in paragraph at lines 122--122
[]\OT1/cmr/m/n/10 Basic
 []


Underfull \hbox (badness 10000) in paragraph at lines 124--128
[][]\OT1/cmr/bx/n/10 R[]\OT1/cmr/m/n/10 A[]\OT1/cmr/bx/n/10 K[]\OT1/cmr/m/n/10 
FS[]\OT1/cmr/bx/n/10 R[]\OT1/cmr/m/n/10 SAETAANLQDPNQLYNE
 []


Overfull \hbox (4.4501pt too wide) in paragraph at lines 124--128
\OT1/cmr/m/n/10 LNLG[]\OT1/cmr/bx/n/10 RR[]\OT1/cmr/m/n/10 EEYDVLE[]\OT1/cmr/bx
/n/10 KKR[]\OT1/cmr/m/n/10 A[]\OT1/cmr/bx/n/10 R[]\OT1/cmr/m/n/10 DPEMG
 []


Overfull \hbox (3.17235pt too wide) in paragraph at lines 124--128
\OT1/cmr/m/n/10 G[]\OT1/cmr/bx/n/10 K[]\OT1/cmr/m/n/10 QQ[]\OT1/cmr/bx/n/10 RRR
[]\OT1/cmr/m/n/10 NPQEGVYNALQ[]\OT1/cmr/bx/n/10 K[]\OT1/cmr/m/n/10 D[]\OT1/cmr/
bx/n/10 K[]\OT1/cmr/m/n/10 M
 []


Underfull \hbox (badness 10000) in paragraph at lines 124--128
\OT1/cmr/m/n/10 AEAY-SEIGT[]\OT1/cmr/bx/n/10 K[]\OT1/cmr/m/n/10 GE[]\OT1/cmr/bx
/n/10 RRR[]\OT1/cmr/m/n/10 G[]\OT1/cmr/bx/n/10 K[]\OT1/cmr/m/n/10 GHDGLY
 []


Underfull \hbox (badness 10000) in paragraph at lines 130--133
[]\OT1/cmr/m/n/10 1,3,5,28,29,37,38,
 []


Overfull \hbox (2.6379pt too wide) in paragraph at lines 130--133
\OT1/cmr/m/n/10 39,41,48,51,52,53,60,65,
 []


Overfull \hbox (2.6379pt too wide) in paragraph at lines 130--133
\OT1/cmr/m/n/10 67,72,78,81,82,83,85,91,
 []


Underfull \hbox (badness 10000) in paragraph at lines 142--146
[]\OT1/cmr/m/n/10 RAKFSRSAETAANLQDPNQL[]\OT1/cmr/bx/n/10 Y[]\OT1/cmr/m/n/10 NE
 []


Underfull \hbox (badness 10000) in paragraph at lines 142--146
\OT1/cmr/m/n/10 LNL-GR-REE[]\OT1/cmr/bx/n/10 Y[]\OT1/cmr/m/n/10 DVLEKKRARDPEMG
 []


Underfull \hbox (badness 10000) in paragraph at lines 142--146
\OT1/cmr/m/n/10 GKQQR-RRN-PQEGV[]\OT1/cmr/bx/n/10 Y[]\OT1/cmr/m/n/10 NALQKDKM
 []


Underfull \hbox (badness 10000) in paragraph at lines 142--146
\OT1/cmr/m/n/10 AEA[]\OT1/cmr/bx/n/10 Y[]\OT1/cmr/m/n/10 SEIGTKGERRRGKGHDGL[]\O
T1/cmr/bx/n/10 Y[]
 []


Underfull \hbox (badness 10000) in paragraph at lines 154--154
[]\OT1/cmr/m/n/10 Basics
 []


Overfull \hbox (4.68611pt too wide) in paragraph at lines 156--158
[]\OT1/cmr/m/n/10 WS[]\OT1/cmr/bx/n/10 K[]\OT1/cmr/m/n/10 N[]\OT1/cmr/bx/n/10 R
K[]\OT1/cmr/m/n/10 A[]\OT1/cmr/bx/n/10 K[]\OT1/cmr/m/n/10 A[]\OT1/cmr/bx/n/10 K
[]\OT1/cmr/m/n/10 PVT[]\OT1/cmr/bx/n/10 R[]\OT1/cmr/m/n/10 GAGAGG[]\OT1/cmr/bx/
n/10 R[]\OT1/cmr/m/n/10 Q
 []


Underfull \hbox (badness 10000) in paragraph at lines 156--158
[]\OT1/cmr/bx/n/10 R[]\OT1/cmr/m/n/10 GQN[]\OT1/cmr/bx/n/10 K[]\OT1/cmr/m/n/10 
E[]\OT1/cmr/bx/n/10 R[]\OT1/cmr/m/n/10 PPPVPNPDYEPI[]\OT1/cmr/bx/n/10 RK[]\OT1/
cmr/m/n/10 GQ
 []


Underfull \hbox (badness 10000) in paragraph at lines 160--161
[]\OT1/cmr/m/n/10 3,5,6,8,10,14,21,23,27,
 []


Underfull \hbox (badness 10000) in paragraph at lines 169--171
[]\OT1/cmr/m/n/10 WSKNRKAKAKPVTRGAGAGGRQ
 []


Underfull \hbox (badness 10000) in paragraph at lines 169--171
\OT1/cmr/m/n/10 RGQNKERPP-PVP-NPD[]\OT1/cmr/bx/n/10 Y[]\OT1/cmr/m/n/10 EPIRKGQ
 []


<Results/Electrostatics/ElectrostaticsDiagram.pdf, id=614, 560.0925pt x 209.783
75pt>
File: Results/Electrostatics/ElectrostaticsDiagram.pdf Graphic file (type pdf)
 <use Results/Electrostatics/ElectrostaticsDiagram.pdf>
Package pdftex.def Info: Results/Electrostatics/ElectrostaticsDiagram.pdf used 
on input line 183.
(pdftex.def)             Requested size: 328.82707pt x 123.16632pt.
 [21] [22 <./Results/Electrostatics/ElectrostaticsDiagram.pdf>]
Package epstopdf Info: Source file: <Results/Electrostatics/ResultsFigures/CD3Z
etaSoftwallPiecewiseBasicsY/DistributioniSite7.eps>
(epstopdf)                    date: 2017-05-25 14:07:11
(epstopdf)                    size: 85142 bytes
(epstopdf)             Output file: <Results/Electrostatics/ResultsFigures/CD3Z
etaSoftwallPiecewiseBasicsY/DistributioniSite7-eps-converted-to.pdf>
(epstopdf)                    date: 2017-05-25 14:07:11
(epstopdf)                    size: 15575 bytes
(epstopdf)             Command: <repstopdf --outfile=Results/Electrostatics/Res
ultsFigures/CD3ZetaSoftwallPiecewiseBasicsY/DistributioniSite7-eps-converted-to
.pdf Results/Electrostatics/ResultsFigures/CD3ZetaSoftwallPiecewiseBasicsY/Dist
ributioniSite7.eps>
(epstopdf)             \includegraphics on input line 252.
Package epstopdf Info: Output file is already uptodate.

<Results/Electrostatics/ResultsFigures/CD3ZetaSoftwallPiecewiseBasicsY/Distribu
tioniSite7-eps-converted-to.pdf, id=661, 1372.12625pt x 1083.04625pt>
File: Results/Electrostatics/ResultsFigures/CD3ZetaSoftwallPiecewiseBasicsY/Dis
tributioniSite7-eps-converted-to.pdf Graphic file (type pdf)

<use Results/Electrostatics/ResultsFigures/CD3ZetaSoftwallPiecewiseBasicsY/Dist
ributioniSite7-eps-converted-to.pdf>
Package pdftex.def Info: Results/Electrostatics/ResultsFigures/CD3ZetaSoftwallP
iecewiseBasicsY/DistributioniSite7-eps-converted-to.pdf used on input line 252.

(pdftex.def)             Requested size: 375.80544pt x 296.62398pt.
 [23]
Package epstopdf Info: Source file: <Results/Electrostatics/ResultsFigures/CD3Z
etaSoftwallPiecewiseBasicsY/Phosphorylation/iSiteDistribution123456.eps>
(epstopdf)                    date: 2017-06-01 11:03:38
(epstopdf)                    size: 541127 bytes
(epstopdf)             Output file: <Results/Electrostatics/ResultsFigures/CD3Z
etaSoftwallPiecewiseBasicsY/Phosphorylation/iSiteDistribution123456-eps-convert
ed-to.pdf>
(epstopdf)                    date: 2017-06-01 11:03:38
(epstopdf)                    size: 563012 bytes
(epstopdf)             Command: <repstopdf --outfile=Results/Electrostatics/Res
ultsFigures/CD3ZetaSoftwallPiecewiseBasicsY/Phosphorylation/iSiteDistribution12
3456-eps-converted-to.pdf Results/Electrostatics/ResultsFigures/CD3ZetaSoftwall
PiecewiseBasicsY/Phosphorylation/iSiteDistribution123456.eps>
(epstopdf)             \includegraphics on input line 261.
Package epstopdf Info: Output file is already uptodate.

<Results/Electrostatics/ResultsFigures/CD3ZetaSoftwallPiecewiseBasicsY/Phosphor
ylation/iSiteDistribution123456-eps-converted-to.pdf, id=670, 1708.3825pt x 126
9.74374pt>
File: Results/Electrostatics/ResultsFigures/CD3ZetaSoftwallPiecewiseBasicsY/Pho
sphorylation/iSiteDistribution123456-eps-converted-to.pdf Graphic file (type pd
f)

<use Results/Electrostatics/ResultsFigures/CD3ZetaSoftwallPiecewiseBasicsY/Phos
phorylation/iSiteDistribution123456-eps-converted-to.pdf>
Package pdftex.def Info: Results/Electrostatics/ResultsFigures/CD3ZetaSoftwallP
iecewiseBasicsY/Phosphorylation/iSiteDistribution123456-eps-converted-to.pdf us
ed on input line 261.
(pdftex.def)             Requested size: 469.75502pt x 349.13217pt.
 [24 <./Results/Electrostatics/ResultsFigures/CD3ZetaSoftwallPiecewiseBasicsY/D
istributioniSite7-eps-converted-to.pdf>]
Package epstopdf Info: Source file: <Results/Electrostatics/ResultsFigures/CD3Z
etaSoftwallPiecewiseBasicsY/Phosphorylation/iSiteDistribution135624.eps>
(epstopdf)                    date: 2017-06-01 11:03:38
(epstopdf)                    size: 538916 bytes
(epstopdf)             Output file: <Results/Electrostatics/ResultsFigures/CD3Z
etaSoftwallPiecewiseBasicsY/Phosphorylation/iSiteDistribution135624-eps-convert
ed-to.pdf>
(epstopdf)                    date: 2017-06-01 11:03:38
(epstopdf)                    size: 556734 bytes
(epstopdf)             Command: <repstopdf --outfile=Results/Electrostatics/Res
ultsFigures/CD3ZetaSoftwallPiecewiseBasicsY/Phosphorylation/iSiteDistribution13
5624-eps-converted-to.pdf Results/Electrostatics/ResultsFigures/CD3ZetaSoftwall
PiecewiseBasicsY/Phosphorylation/iSiteDistribution135624.eps>
(epstopdf)             \includegraphics on input line 268.
Package epstopdf Info: Output file is already uptodate.

<Results/Electrostatics/ResultsFigures/CD3ZetaSoftwallPiecewiseBasicsY/Phosphor
ylation/iSiteDistribution135624-eps-converted-to.pdf, id=685, 1708.3825pt x 126
9.74374pt>
File: Results/Electrostatics/ResultsFigures/CD3ZetaSoftwallPiecewiseBasicsY/Pho
sphorylation/iSiteDistribution135624-eps-converted-to.pdf Graphic file (type pd
f)

<use Results/Electrostatics/ResultsFigures/CD3ZetaSoftwallPiecewiseBasicsY/Phos
phorylation/iSiteDistribution135624-eps-converted-to.pdf>
Package pdftex.def Info: Results/Electrostatics/ResultsFigures/CD3ZetaSoftwallP
iecewiseBasicsY/Phosphorylation/iSiteDistribution135624-eps-converted-to.pdf us
ed on input line 268.
(pdftex.def)             Requested size: 469.75502pt x 349.13217pt.
 [25 <./Results/Electrostatics/ResultsFigures/CD3ZetaSoftwallPiecewiseBasicsY/P
hosphorylation/iSiteDistribution123456-eps-converted-to.pdf>]
Package epstopdf Info: Source file: <Results/Electrostatics/ResultsFigures/Elec
tro/DistributioniSite2.eps>
(epstopdf)                    date: 2017-05-23 11:41:26
(epstopdf)                    size: 139186 bytes
(epstopdf)             Output file: <Results/Electrostatics/ResultsFigures/Elec
tro/DistributioniSite2-eps-converted-to.pdf>
(epstopdf)                    date: 2017-05-23 11:41:26
(epstopdf)                    size: 24155 bytes
(epstopdf)             Command: <repstopdf --outfile=Results/Electrostatics/Res
ultsFigures/Electro/DistributioniSite2-eps-converted-to.pdf Results/Electrostat
ics/ResultsFigures/Electro/DistributioniSite2.eps>
(epstopdf)             \includegraphics on input line 279.
Package epstopdf Info: Output file is already uptodate.

<Results/Electrostatics/ResultsFigures/Electro/DistributioniSite2-eps-converted
-to.pdf, id=699, 1372.12625pt x 1083.04625pt>
File: Results/Electrostatics/ResultsFigures/Electro/DistributioniSite2-eps-conv
erted-to.pdf Graphic file (type pdf)

<use Results/Electrostatics/ResultsFigures/Electro/DistributioniSite2-eps-conve
rted-to.pdf>
Package pdftex.def Info: Results/Electrostatics/ResultsFigures/Electro/Distribu
tioniSite2-eps-converted-to.pdf used on input line 279.
(pdftex.def)             Requested size: 375.80544pt x 296.62398pt.
 [26 <./Results/Electrostatics/ResultsFigures/CD3ZetaSoftwallPiecewiseBasicsY/P
hosphorylation/iSiteDistribution135624-eps-converted-to.pdf>]
Package epstopdf Info: Source file: <Results/Electrostatics/ResultsFigures/Elec
tro/DistributioniSite7.eps>
(epstopdf)                    date: 2017-05-23 11:41:26
(epstopdf)                    size: 135895 bytes
(epstopdf)             Output file: <Results/Electrostatics/ResultsFigures/Elec
tro/DistributioniSite7-eps-converted-to.pdf>
(epstopdf)                    date: 2017-05-23 11:41:26
(epstopdf)                    size: 20911 bytes
(epstopdf)             Command: <repstopdf --outfile=Results/Electrostatics/Res
ultsFigures/Electro/DistributioniSite7-eps-converted-to.pdf Results/Electrostat
ics/ResultsFigures/Electro/DistributioniSite7.eps>
(epstopdf)             \includegraphics on input line 286.
Package epstopdf Info: Output file is already uptodate.

<Results/Electrostatics/ResultsFigures/Electro/DistributioniSite7-eps-converted
-to.pdf, id=712, 1372.12625pt x 1083.04625pt>
File: Results/Electrostatics/ResultsFigures/Electro/DistributioniSite7-eps-conv
erted-to.pdf Graphic file (type pdf)

<use Results/Electrostatics/ResultsFigures/Electro/DistributioniSite7-eps-conve
rted-to.pdf>
Package pdftex.def Info: Results/Electrostatics/ResultsFigures/Electro/Distribu
tioniSite7-eps-converted-to.pdf used on input line 286.
(pdftex.def)             Requested size: 375.80544pt x 296.62398pt.
 [27 <./Results/Electrostatics/ResultsFigures/Electro/DistributioniSite2-eps-co
nverted-to.pdf>] [28 <./Results/Electrostatics/ResultsFigures/Electro/Distribut
ioniSite7-eps-converted-to.pdf>])
(./Results/SimultaneousBinding/SimultaneousBinding.tex [29]
Package epstopdf Info: Source file: <Results/SimultaneousBinding/ResultsFigures
/SimultaneousBindingDiagram/SimultaneousBindingDiagram.eps>
(epstopdf)                    date: 2017-05-23 11:41:26
(epstopdf)                    size: 26636 bytes
(epstopdf)             Output file: <Results/SimultaneousBinding/ResultsFigures
/SimultaneousBindingDiagram/SimultaneousBindingDiagram-eps-converted-to.pdf>
(epstopdf)                    date: 2017-05-23 11:41:26
(epstopdf)                    size: 11489 bytes
(epstopdf)             Command: <repstopdf --outfile=Results/SimultaneousBindin
g/ResultsFigures/SimultaneousBindingDiagram/SimultaneousBindingDiagram-eps-conv
erted-to.pdf Results/SimultaneousBinding/ResultsFigures/SimultaneousBindingDiag
ram/SimultaneousBindingDiagram.eps>
(epstopdf)             \includegraphics on input line 33.
Package epstopdf Info: Output file is already uptodate.

<Results/SimultaneousBinding/ResultsFigures/SimultaneousBindingDiagram/Simultan
eousBindingDiagram-eps-converted-to.pdf, id=757, 1053.9375pt x 299.1175pt>
File: Results/SimultaneousBinding/ResultsFigures/SimultaneousBindingDiagram/Sim
ultaneousBindingDiagram-eps-converted-to.pdf Graphic file (type pdf)

<use Results/SimultaneousBinding/ResultsFigures/SimultaneousBindingDiagram/Simu
ltaneousBindingDiagram-eps-converted-to.pdf>
Package pdftex.def Info: Results/SimultaneousBinding/ResultsFigures/Simultaneou
sBindingDiagram/SimultaneousBindingDiagram-eps-converted-to.pdf used on input l
ine 33.
(pdftex.def)             Requested size: 375.80544pt x 106.65984pt.
Package epstopdf Info: Source file: <Results/SimultaneousBinding/ResultsFigures
/CD3ZetaMultipleBindingMembraneOn/AvgBindVSTotalPhosColorMapLabeled.eps>
(epstopdf)                    date: 2017-06-25 16:23:48
(epstopdf)                    size: 104267 bytes
(epstopdf)             Output file: <Results/SimultaneousBinding/ResultsFigures
/CD3ZetaMultipleBindingMembraneOn/AvgBindVSTotalPhosColorMapLabeled-eps-convert
ed-to.pdf>
(epstopdf)                    date: 2017-06-25 16:23:48
(epstopdf)                    size: 31791 bytes
(epstopdf)             Command: <repstopdf --outfile=Results/SimultaneousBindin
g/ResultsFigures/CD3ZetaMultipleBindingMembraneOn/AvgBindVSTotalPhosColorMapLab
eled-eps-converted-to.pdf Results/SimultaneousBinding/ResultsFigures/CD3ZetaMul
tipleBindingMembraneOn/AvgBindVSTotalPhosColorMapLabeled.eps>
(epstopdf)             \includegraphics on input line 52.
Package epstopdf Info: Output file is already uptodate.

<Results/SimultaneousBinding/ResultsFigures/CD3ZetaMultipleBindingMembraneOn/Av
gBindVSTotalPhosColorMapLabeled-eps-converted-to.pdf, id=759, 664.4825pt x 515.
9275pt>
File: Results/SimultaneousBinding/ResultsFigures/CD3ZetaMultipleBindingMembrane
On/AvgBindVSTotalPhosColorMapLabeled-eps-converted-to.pdf Graphic file (type pd
f)

<use Results/SimultaneousBinding/ResultsFigures/CD3ZetaMultipleBindingMembraneO
n/AvgBindVSTotalPhosColorMapLabeled-eps-converted-to.pdf>
Package pdftex.def Info: Results/SimultaneousBinding/ResultsFigures/CD3ZetaMult
ipleBindingMembraneOn/AvgBindVSTotalPhosColorMapLabeled-eps-converted-to.pdf us
ed on input line 52.
(pdftex.def)             Requested size: 469.75502pt x 364.7366pt.
 [30 <./Results/SimultaneousBinding/ResultsFigures/SimultaneousBindingDiagram/S
imultaneousBindingDiagram-eps-converted-to.pdf>]
Package epstopdf Info: Source file: <Results/SimultaneousBinding/ResultsFigures
/CD3ZetaMultipleBindingMembraneOn/ibEqual/AvgBindVSTotalModified.eps>
(epstopdf)                    date: 2017-06-25 16:23:48
(epstopdf)                    size: 91240 bytes
(epstopdf)             Output file: <Results/SimultaneousBinding/ResultsFigures
/CD3ZetaMultipleBindingMembraneOn/ibEqual/AvgBindVSTotalModified-eps-converted-
to.pdf>
(epstopdf)                    date: 2017-06-25 16:23:48
(epstopdf)                    size: 28969 bytes
(epstopdf)             Command: <repstopdf --outfile=Results/SimultaneousBindin
g/ResultsFigures/CD3ZetaMultipleBindingMembraneOn/ibEqual/AvgBindVSTotalModifie
d-eps-converted-to.pdf Results/SimultaneousBinding/ResultsFigures/CD3ZetaMultip
leBindingMembraneOn/ibEqual/AvgBindVSTotalModified.eps>
(epstopdf)             \includegraphics on input line 63.
Package epstopdf Info: Output file is already uptodate.

<Results/SimultaneousBinding/ResultsFigures/CD3ZetaMultipleBindingMembraneOn/ib
Equal/AvgBindVSTotalModified-eps-converted-to.pdf, id=773, 648.4225pt x 515.927
5pt>
File: Results/SimultaneousBinding/ResultsFigures/CD3ZetaMultipleBindingMembrane
On/ibEqual/AvgBindVSTotalModified-eps-converted-to.pdf Graphic file (type pdf)

<use Results/SimultaneousBinding/ResultsFigures/CD3ZetaMultipleBindingMembraneO
n/ibEqual/AvgBindVSTotalModified-eps-converted-to.pdf>
Package pdftex.def Info: Results/SimultaneousBinding/ResultsFigures/CD3ZetaMult
ipleBindingMembraneOn/ibEqual/AvgBindVSTotalModified-eps-converted-to.pdf used 
on input line 63.
(pdftex.def)             Requested size: 469.75502pt x 373.77412pt.
 [31 <./Results/SimultaneousBinding/ResultsFigures/CD3ZetaMultipleBindingMembra
neOn/AvgBindVSTotalPhosColorMapLabeled-eps-converted-to.pdf>]

LaTeX Warning: Reference `fig: SimBindSeqBind' on page 32 undefined on input li
ne 73.


LaTeX Warning: Reference `fig: SimBindSeqBind' on page 32 undefined on input li
ne 75.

[32 <./Results/SimultaneousBinding/ResultsFigures/CD3ZetaMultipleBindingMembran
eOn/ibEqual/AvgBindVSTotalModified-eps-converted-to.pdf>]
Package epstopdf Info: Source file: <Results/SimultaneousBinding/ResultsFigures
/MultipleSequentialBinding/MemOn/ProbVSSequence.eps>
(epstopdf)                    date: 2017-05-23 11:41:26
(epstopdf)                    size: 59089 bytes
(epstopdf)             Output file: <Results/SimultaneousBinding/ResultsFigures
/MultipleSequentialBinding/MemOn/ProbVSSequence-eps-converted-to.pdf>
(epstopdf)                    date: 2017-05-23 11:41:26
(epstopdf)                    size: 22808 bytes
(epstopdf)             Command: <repstopdf --outfile=Results/SimultaneousBindin
g/ResultsFigures/MultipleSequentialBinding/MemOn/ProbVSSequence-eps-converted-t
o.pdf Results/SimultaneousBinding/ResultsFigures/MultipleSequentialBinding/MemO
n/ProbVSSequence.eps>
(epstopdf)             \includegraphics on input line 82.
Package epstopdf Info: Output file is already uptodate.

<Results/SimultaneousBinding/ResultsFigures/MultipleSequentialBinding/MemOn/Pro
bVSSequence-eps-converted-to.pdf, id=798, 1011.78pt x 900.36375pt>
File: Results/SimultaneousBinding/ResultsFigures/MultipleSequentialBinding/MemO
n/ProbVSSequence-eps-converted-to.pdf Graphic file (type pdf)

<use Results/SimultaneousBinding/ResultsFigures/MultipleSequentialBinding/MemOn
/ProbVSSequence-eps-converted-to.pdf>
Package pdftex.def Info: Results/SimultaneousBinding/ResultsFigures/MultipleSeq
uentialBinding/MemOn/ProbVSSequence-eps-converted-to.pdf used on input line 82.

(pdftex.def)             Requested size: 140.92793pt x 125.40436pt.
Package epstopdf Info: Source file: <Results/SimultaneousBinding/ResultsFigures
/MultipleSequentialBinding/MemOff/ProbVSSequence.eps>
(epstopdf)                    date: 2017-05-23 11:41:26
(epstopdf)                    size: 58747 bytes
(epstopdf)             Output file: <Results/SimultaneousBinding/ResultsFigures
/MultipleSequentialBinding/MemOff/ProbVSSequence-eps-converted-to.pdf>
(epstopdf)                    date: 2017-05-23 11:41:26
(epstopdf)                    size: 22757 bytes
(epstopdf)             Command: <repstopdf --outfile=Results/SimultaneousBindin
g/ResultsFigures/MultipleSequentialBinding/MemOff/ProbVSSequence-eps-converted-
to.pdf Results/SimultaneousBinding/ResultsFigures/MultipleSequentialBinding/Mem
Off/ProbVSSequence.eps>
(epstopdf)             \includegraphics on input line 86.
Package epstopdf Info: Output file is already uptodate.

<Results/SimultaneousBinding/ResultsFigures/MultipleSequentialBinding/MemOff/Pr
obVSSequence-eps-converted-to.pdf, id=799, 1011.78pt x 901.3675pt>
File: Results/SimultaneousBinding/ResultsFigures/MultipleSequentialBinding/MemO
ff/ProbVSSequence-eps-converted-to.pdf Graphic file (type pdf)

<use Results/SimultaneousBinding/ResultsFigures/MultipleSequentialBinding/MemOf
f/ProbVSSequence-eps-converted-to.pdf>
Package pdftex.def Info: Results/SimultaneousBinding/ResultsFigures/MultipleSeq
uentialBinding/MemOff/ProbVSSequence-eps-converted-to.pdf used on input line 86
.
(pdftex.def)             Requested size: 140.92793pt x 125.54416pt.

Overfull \hbox (2.77779pt too wide) in paragraph at lines 86--87
[][]\OT1/cmr/m/n/10 . 
 []

Package epstopdf Info: Source file: <Results/SimultaneousBinding/ResultsFigures
/MultipleSequentialBinding/EvenSites/ProbVSSequence.eps>
(epstopdf)                    date: 2017-05-23 11:41:26
(epstopdf)                    size: 61171 bytes
(epstopdf)             Output file: <Results/SimultaneousBinding/ResultsFigures
/MultipleSequentialBinding/EvenSites/ProbVSSequence-eps-converted-to.pdf>
(epstopdf)                    date: 2017-05-23 11:41:26
(epstopdf)                    size: 23576 bytes
(epstopdf)             Command: <repstopdf --outfile=Results/SimultaneousBindin
g/ResultsFigures/MultipleSequentialBinding/EvenSites/ProbVSSequence-eps-convert
ed-to.pdf Results/SimultaneousBinding/ResultsFigures/MultipleSequentialBinding/
EvenSites/ProbVSSequence.eps>
(epstopdf)             \includegraphics on input line 90.
Package epstopdf Info: Output file is already uptodate.

<Results/SimultaneousBinding/ResultsFigures/MultipleSequentialBinding/EvenSites
/ProbVSSequence-eps-converted-to.pdf, id=800, 1011.78pt x 901.3675pt>
File: Results/SimultaneousBinding/ResultsFigures/MultipleSequentialBinding/Even
Sites/ProbVSSequence-eps-converted-to.pdf Graphic file (type pdf)

<use Results/SimultaneousBinding/ResultsFigures/MultipleSequentialBinding/EvenS
ites/ProbVSSequence-eps-converted-to.pdf>
Package pdftex.def Info: Results/SimultaneousBinding/ResultsFigures/MultipleSeq
uentialBinding/EvenSites/ProbVSSequence-eps-converted-to.pdf used on input line
 90.
(pdftex.def)             Requested size: 140.92793pt x 125.54416pt.
 [33 <./Results/SimultaneousBinding/ResultsFigures/MultipleSequentialBinding/Me
mOn/ProbVSSequence-eps-converted-to.pdf> <./Results/SimultaneousBinding/Results
Figures/MultipleSequentialBinding/MemOff/ProbVSSequence-eps-converted-to.pdf> <
./Results/SimultaneousBinding/ResultsFigures/MultipleSequentialBinding/EvenSite
s/ProbVSSequence-eps-converted-to.pdf>]) (./Results/SurfaceEffects/SurfaceEffec
ts.tex [34]
Underfull \hbox (badness 6808) in paragraph at lines 37--38
[]\OT1/cmr/m/n/10 (37392 B2) Bio-SRAARGTIGARRTGQPLKEDPSAVPVFSV
 []

Package epstopdf Info: Source file: <Results/SurfaceEffects/ResultsFigures/SHP1
PyMol/Diagonal1.eps>
(epstopdf)                    date: 2017-05-23 11:41:26
(epstopdf)                    size: 345955 bytes
(epstopdf)             Output file: <Results/SurfaceEffects/ResultsFigures/SHP1
PyMol/Diagonal1-eps-converted-to.pdf>
(epstopdf)                    date: 2017-05-23 11:41:26
(epstopdf)                    size: 237356 bytes
(epstopdf)             Command: <repstopdf --outfile=Results/SurfaceEffects/Res
ultsFigures/SHP1PyMol/Diagonal1-eps-converted-to.pdf Results/SurfaceEffects/Res
ultsFigures/SHP1PyMol/Diagonal1.eps>
(epstopdf)             \includegraphics on input line 67.
Package epstopdf Info: Output file is already uptodate.

<Results/SurfaceEffects/ResultsFigures/SHP1PyMol/Diagonal1-eps-converted-to.pdf
, id=855, 702.625pt x 546.04pt>
File: Results/SurfaceEffects/ResultsFigures/SHP1PyMol/Diagonal1-eps-converted-t
o.pdf Graphic file (type pdf)

<use Results/SurfaceEffects/ResultsFigures/SHP1PyMol/Diagonal1-eps-converted-to
.pdf>
Package pdftex.def Info: Results/SurfaceEffects/ResultsFigures/SHP1PyMol/Diagon
al1-eps-converted-to.pdf used on input line 67.
(pdftex.def)             Requested size: 234.8775pt x 182.53502pt.
 [35]
Package epstopdf Info: Source file: <Results/SurfaceEffects/ResultsFigures/SHP1
PyMol/LengthWidthDepth.eps>
(epstopdf)                    date: 2017-05-23 11:41:26
(epstopdf)                    size: 316491 bytes
(epstopdf)             Output file: <Results/SurfaceEffects/ResultsFigures/SHP1
PyMol/LengthWidthDepth-eps-converted-to.pdf>
(epstopdf)                    date: 2017-05-23 11:41:26
(epstopdf)                    size: 219666 bytes
(epstopdf)             Command: <repstopdf --outfile=Results/SurfaceEffects/Res
ultsFigures/SHP1PyMol/LengthWidthDepth-eps-converted-to.pdf Results/SurfaceEffe
cts/ResultsFigures/SHP1PyMol/LengthWidthDepth.eps>
(epstopdf)             \includegraphics on input line 76.
Package epstopdf Info: Output file is already uptodate.

<Results/SurfaceEffects/ResultsFigures/SHP1PyMol/LengthWidthDepth-eps-converted
-to.pdf, id=862, 441.65pt x 667.49374pt>
File: Results/SurfaceEffects/ResultsFigures/SHP1PyMol/LengthWidthDepth-eps-conv
erted-to.pdf Graphic file (type pdf)

<use Results/SurfaceEffects/ResultsFigures/SHP1PyMol/LengthWidthDepth-eps-conve
rted-to.pdf>
Package pdftex.def Info: Results/SurfaceEffects/ResultsFigures/SHP1PyMol/Length
WidthDepth-eps-converted-to.pdf used on input line 76.
(pdftex.def)             Requested size: 187.89914pt x 283.98155pt.
 [36 <./Results/SurfaceEffects/ResultsFigures/SHP1PyMol/Diagonal1-eps-converted
-to.pdf>]
<Results/SurfaceEffects/Diagram.png, id=877, 433.62pt x 219.219pt>
File: Results/SurfaceEffects/Diagram.png Graphic file (type png)

<use Results/SurfaceEffects/Diagram.png>
Package pdftex.def Info: Results/SurfaceEffects/Diagram.png used on input line 
86.
(pdftex.def)             Requested size: 469.75502pt x 237.4989pt.
 [37 <./Results/SurfaceEffects/ResultsFigures/SHP1PyMol/LengthWidthDepth-eps-co
nverted-to.pdf>]
Package epstopdf Info: Source file: <Results/SurfaceEffects/ResultsFigures/Memb
raneCausedOcclusion/MembraneCausedOcclusionVSNVSirLigand.eps>
(epstopdf)                    date: 2017-06-08 11:06:24
(epstopdf)                    size: 2554834 bytes
(epstopdf)             Output file: <Results/SurfaceEffects/ResultsFigures/Memb
raneCausedOcclusion/MembraneCausedOcclusionVSNVSirLigand-eps-converted-to.pdf>
(epstopdf)                    date: 2017-06-08 11:06:24
(epstopdf)                    size: 200929 bytes
(epstopdf)             Command: <repstopdf --outfile=Results/SurfaceEffects/Res
ultsFigures/MembraneCausedOcclusion/MembraneCausedOcclusionVSNVSirLigand-eps-co
nverted-to.pdf Results/SurfaceEffects/ResultsFigures/MembraneCausedOcclusion/Me
mbraneCausedOcclusionVSNVSirLigand.eps>
(epstopdf)             \includegraphics on input line 156.
Package epstopdf Info: Output file is already uptodate.

<Results/SurfaceEffects/ResultsFigures/MembraneCausedOcclusion/MembraneCausedOc
clusionVSNVSirLigand-eps-converted-to.pdf, id=895, 514.92375pt x 407.5225pt>
File: Results/SurfaceEffects/ResultsFigures/MembraneCausedOcclusion/MembraneCau
sedOcclusionVSNVSirLigand-eps-converted-to.pdf Graphic file (type pdf)

<use Results/SurfaceEffects/ResultsFigures/MembraneCausedOcclusion/MembraneCaus
edOcclusionVSNVSirLigand-eps-converted-to.pdf>
Package pdftex.def Info: Results/SurfaceEffects/ResultsFigures/MembraneCausedOc
clusion/MembraneCausedOcclusionVSNVSirLigand-eps-converted-to.pdf used on input
 line 156.
(pdftex.def)             Requested size: 328.82707pt x 260.24763pt.
 [38 <./Results/SurfaceEffects/Diagram.png>]
Package epstopdf Info: Source file: <Results/SurfaceEffects/ResultsFigures/Bind
ingSurfaceFactor/OcclusionVSN.eps>
(epstopdf)                    date: 2017-05-23 11:41:26
(epstopdf)                    size: 187773 bytes
(epstopdf)             Output file: <Results/SurfaceEffects/ResultsFigures/Bind
ingSurfaceFactor/OcclusionVSN-eps-converted-to.pdf>
(epstopdf)                    date: 2017-05-23 11:41:26
(epstopdf)                    size: 59715 bytes
(epstopdf)             Command: <repstopdf --outfile=Results/SurfaceEffects/Res
ultsFigures/BindingSurfaceFactor/OcclusionVSN-eps-converted-to.pdf Results/Surf
aceEffects/ResultsFigures/BindingSurfaceFactor/OcclusionVSN.eps>
(epstopdf)             \includegraphics on input line 164.
Package epstopdf Info: Output file is already uptodate.

<Results/SurfaceEffects/ResultsFigures/BindingSurfaceFactor/OcclusionVSN-eps-co
nverted-to.pdf, id=903, 1558.82375pt x 528.97626pt>
File: Results/SurfaceEffects/ResultsFigures/BindingSurfaceFactor/OcclusionVSN-e
ps-converted-to.pdf Graphic file (type pdf)

<use Results/SurfaceEffects/ResultsFigures/BindingSurfaceFactor/OcclusionVSN-ep
s-converted-to.pdf>
Package pdftex.def Info: Results/SurfaceEffects/ResultsFigures/BindingSurfaceFa
ctor/OcclusionVSN-eps-converted-to.pdf used on input line 164.
(pdftex.def)             Requested size: 469.75502pt x 159.40439pt.
Package epstopdf Info: Source file: <Results/SurfaceEffects/ResultsFigures/Bind
ingSurfaceFactor/BindingVSN.eps>
(epstopdf)                    date: 2017-05-23 11:41:26
(epstopdf)                    size: 191451 bytes
(epstopdf)             Output file: <Results/SurfaceEffects/ResultsFigures/Bind
ingSurfaceFactor/BindingVSN-eps-converted-to.pdf>
(epstopdf)                    date: 2017-05-23 11:41:26
(epstopdf)                    size: 64848 bytes
(epstopdf)             Command: <repstopdf --outfile=Results/SurfaceEffects/Res
ultsFigures/BindingSurfaceFactor/BindingVSN-eps-converted-to.pdf Results/Surfac
eEffects/ResultsFigures/BindingSurfaceFactor/BindingVSN.eps>
(epstopdf)             \includegraphics on input line 168.
Package epstopdf Info: Output file is already uptodate.

<Results/SurfaceEffects/ResultsFigures/BindingSurfaceFactor/BindingVSN-eps-conv
erted-to.pdf, id=904, 1558.82375pt x 528.97626pt>
File: Results/SurfaceEffects/ResultsFigures/BindingSurfaceFactor/BindingVSN-eps
-converted-to.pdf Graphic file (type pdf)

<use Results/SurfaceEffects/ResultsFigures/BindingSurfaceFactor/BindingVSN-eps-
converted-to.pdf>
Package pdftex.def Info: Results/SurfaceEffects/ResultsFigures/BindingSurfaceFa
ctor/BindingVSN-eps-converted-to.pdf used on input line 168.
(pdftex.def)             Requested size: 469.75502pt x 159.40439pt.


LaTeX Warning: `h' float specifier changed to `ht'.

Package epstopdf Info: Source file: <Results/SurfaceEffects/ResultsFigures/Effe
ctiveConcentrationKernel/ConcentrationVSSeparationCartoon.eps>
(epstopdf)                    date: 2017-06-13 10:45:11
(epstopdf)                    size: 164936 bytes
(epstopdf)             Output file: <Results/SurfaceEffects/ResultsFigures/Effe
ctiveConcentrationKernel/ConcentrationVSSeparationCartoon-eps-converted-to.pdf>

(epstopdf)                    date: 2017-06-13 10:45:11
(epstopdf)                    size: 59882 bytes
(epstopdf)             Command: <repstopdf --outfile=Results/SurfaceEffects/Res
ultsFigures/EffectiveConcentrationKernel/ConcentrationVSSeparationCartoon-eps-c
onverted-to.pdf Results/SurfaceEffects/ResultsFigures/EffectiveConcentrationKer
nel/ConcentrationVSSeparationCartoon.eps>
(epstopdf)             \includegraphics on input line 202.
Package epstopdf Info: Output file is already uptodate.

<Results/SurfaceEffects/ResultsFigures/EffectiveConcentrationKernel/Concentrati
onVSSeparationCartoon-eps-converted-to.pdf, id=910, 905.3825pt x 375.4025pt>
File: Results/SurfaceEffects/ResultsFigures/EffectiveConcentrationKernel/Concen
trationVSSeparationCartoon-eps-converted-to.pdf Graphic file (type pdf)

<use Results/SurfaceEffects/ResultsFigures/EffectiveConcentrationKernel/Concent
rationVSSeparationCartoon-eps-converted-to.pdf>
Package pdftex.def Info: Results/SurfaceEffects/ResultsFigures/EffectiveConcent
rationKernel/ConcentrationVSSeparationCartoon-eps-converted-to.pdf used on inpu
t line 202.
(pdftex.def)             Requested size: 399.29463pt x 165.56139pt.
 [39 <./Results/SurfaceEffects/ResultsFigures/MembraneCausedOcclusion/MembraneC
ausedOcclusionVSNVSirLigand-eps-converted-to.pdf>] [40 <./Results/SurfaceEffect
s/ResultsFigures/BindingSurfaceFactor/OcclusionVSN-eps-converted-to.pdf> <./Res
ults/SurfaceEffects/ResultsFigures/BindingSurfaceFactor/BindingVSN-eps-converte
d-to.pdf> <./Results/SurfaceEffects/ResultsFigures/EffectiveConcentrationKernel
/ConcentrationVSSeparationCartoon-eps-converted-to.pdf>]
<Results/SurfaceEffects/ResultsFigures/ExperimentalDataPlots/hSHP1_on_PD1_ITSM_
CM5_vs_C1.pdf, id=967, 409.53pt x 733.74126pt>
File: Results/SurfaceEffects/ResultsFigures/ExperimentalDataPlots/hSHP1_on_PD1_
ITSM_CM5_vs_C1.pdf Graphic file (type pdf)

<use Results/SurfaceEffects/ResultsFigures/ExperimentalDataPlots/hSHP1_on_PD1_I
TSM_CM5_vs_C1.pdf>
Package pdftex.def Info: Results/SurfaceEffects/ResultsFigures/ExperimentalData
Plots/hSHP1_on_PD1_ITSM_CM5_vs_C1.pdf used on input line 276.
(pdftex.def)             Requested size: 204.7645pt x 366.86974pt.

<Results/SurfaceEffects/ResultsFigures/ExperimentalDataPlots/mSHP1_on_PEG3_CM5_
vs_C1.pdf, id=968, 408.52625pt x 749.80125pt>
File: Results/SurfaceEffects/ResultsFigures/ExperimentalDataPlots/mSHP1_on_PEG3
_CM5_vs_C1.pdf Graphic file (type pdf)

<use Results/SurfaceEffects/ResultsFigures/ExperimentalDataPlots/mSHP1_on_PEG3_
CM5_vs_C1.pdf>
Package pdftex.def Info: Results/SurfaceEffects/ResultsFigures/ExperimentalData
Plots/mSHP1_on_PEG3_CM5_vs_C1.pdf used on input line 283.
(pdftex.def)             Requested size: 204.26262pt x 374.8997pt.
 [41 <./Results/SurfaceEffects/ResultsFigures/ExperimentalDataPlots/hSHP1_on_PD
1_ITSM_CM5_vs_C1.pdf>]
<Results/SurfaceEffects/ResultsFigures/ExperimentalDataPlots/mSHP1_on_PEG28_CM5
_vs_C1.pdf, id=994, 407.5225pt x 755.82375pt>
File: Results/SurfaceEffects/ResultsFigures/ExperimentalDataPlots/mSHP1_on_PEG2
8_CM5_vs_C1.pdf Graphic file (type pdf)

<use Results/SurfaceEffects/ResultsFigures/ExperimentalDataPlots/mSHP1_on_PEG28
_CM5_vs_C1.pdf>
Package pdftex.def Info: Results/SurfaceEffects/ResultsFigures/ExperimentalData
Plots/mSHP1_on_PEG28_CM5_vs_C1.pdf used on input line 290.
(pdftex.def)             Requested size: 203.76074pt x 377.91095pt.
 [42 <./Results/SurfaceEffects/ResultsFigures/ExperimentalDataPlots/mSHP1_on_PE
G3_CM5_vs_C1.pdf>]

Package hyperref Warning: Token not allowed in a PDF string (PDFDocEncoding):
(hyperref)                removing `math shift' on input line 315.


Package hyperref Warning: Token not allowed in a PDF string (PDFDocEncoding):
(hyperref)                removing `\kappa' on input line 315.


Package hyperref Warning: Token not allowed in a PDF string (PDFDocEncoding):
(hyperref)                removing `superscript' on input line 315.


Package hyperref Warning: Token not allowed in a PDF string (PDFDocEncoding):
(hyperref)                removing `subscript' on input line 315.


Package hyperref Warning: Token not allowed in a PDF string (PDFDocEncoding):
(hyperref)                removing `math shift' on input line 315.


Package hyperref Warning: Token not allowed in a PDF string (PDFDocEncoding):
(hyperref)                removing `math shift' on input line 315.


Package hyperref Warning: Token not allowed in a PDF string (PDFDocEncoding):
(hyperref)                removing `subscript' on input line 315.


Package hyperref Warning: Token not allowed in a PDF string (PDFDocEncoding):
(hyperref)                removing `math shift' on input line 315.


Package hyperref Warning: Token not allowed in a PDF string (PDFDocEncoding):
(hyperref)                removing `math shift' on input line 315.


Package hyperref Warning: Token not allowed in a PDF string (PDFDocEncoding):
(hyperref)                removing `subscript' on input line 315.


Package hyperref Warning: Token not allowed in a PDF string (PDFDocEncoding):
(hyperref)                removing `math shift' on input line 315.

) (./Timeline/Timeline.tex
Overfull \hbox (16.39114pt too wide) in paragraph at lines 35--66
 [] 
 []

[43 <./Results/SurfaceEffects/ResultsFigures/ExperimentalDataPlots/mSHP1_on_PEG
28_CM5_vs_C1.pdf>]) (./AdvancementSummary.bbl [44] [45]
Underfull \hbox (badness 1127) in paragraph at lines 207--217
\OT1/cmr/m/n/10 doi: $10 . 1038 / nature13999$.  URL []$\OT1/cmtt/m/n/10 http :
 / / dx . doi . org / 10 . 1038 / nature13999{%}5Cnhttp : / / www .
 []


Underfull \hbox (badness 10000) in paragraph at lines 207--217
\OT1/cmtt/m/n/10 pubmedcentral . nih . gov / articlerender . fcgi ? artid = 284
2604{&}tool = pmcentrez{&}rendertype =
 []


Underfull \hbox (badness 10000) in paragraph at lines 207--217
\OT1/cmtt/m/n/10 abstract{%}5Cnhttp : / / www . nature . com / doifinder / 10 .
 1038 / nature13999{%}5Cnhttp : / / www .
 []


Underfull \hbox (badness 10000) in paragraph at lines 220--231
\OT1/cmtt/m/n/10 elink . fcgi ? dbfrom = pubmed{&}id = 22927385{&}retmode = ref
{&}cmd = prlinks{%}5Cnpapers3 :
 []

[46] [47]) [48]
Package atveryend Info: Empty hook `BeforeClearDocument' on input line 170.
Package atveryend Info: Empty hook `AfterLastShipout' on input line 170.
 (./AdvancementSummary.aux)
Package atveryend Info: Executing hook `AtVeryEndDocument' on input line 170.
Package atveryend Info: Executing hook `AtEndAfterFileList' on input line 170.
Package rerunfilecheck Info: File `AdvancementSummary.out' has not changed.
(rerunfilecheck)             Checksum: 6A85ED12D5DF244D96C23AD141D96672;4184.


LaTeX Warning: There were undefined references.

Package atveryend Info: Empty hook `AtVeryVeryEnd' on input line 170.
 ) 
Here is how much of TeX's memory you used:
 20653 strings out of 493014
 391184 string characters out of 6133351
 461118 words of memory out of 5000000
 23530 multiletter control sequences out of 15000+600000
 7026 words of font info for 28 fonts, out of 8000000 for 9000
 1141 hyphenation exceptions out of 8191
 62i,13n,94p,1354b,689s stack positions out of 5000i,500n,10000p,200000b,80000s
</usr/local/texlive/2016/texmf-dist/fonts/type1/public/amsfonts/cm/cmbx10.pfb
></usr/local/texlive/2016/texmf-dist/fonts/type1/public/amsfonts/cm/cmbx12.pfb>
</usr/local/texlive/2016/texmf-dist/fonts/type1/public/amsfonts/cm/cmex10.pfb><
/usr/local/texlive/2016/texmf-dist/fonts/type1/public/amsfonts/cmextra/cmex7.pf
b></usr/local/texlive/2016/texmf-dist/fonts/type1/public/amsfonts/cm/cmmi10.pfb
></usr/local/texlive/2016/texmf-dist/fonts/type1/public/amsfonts/cm/cmmi5.pfb><
/usr/local/texlive/2016/texmf-dist/fonts/type1/public/amsfonts/cm/cmmi7.pfb></u
sr/local/texlive/2016/texmf-dist/fonts/type1/public/amsfonts/cm/cmr10.pfb></usr
/local/texlive/2016/texmf-dist/fonts/type1/public/amsfonts/cm/cmr5.pfb></usr/lo
cal/texlive/2016/texmf-dist/fonts/type1/public/amsfonts/cm/cmr7.pfb></usr/local
/texlive/2016/texmf-dist/fonts/type1/public/amsfonts/cm/cmr9.pfb></usr/local/te
xlive/2016/texmf-dist/fonts/type1/public/amsfonts/cm/cmsy10.pfb></usr/local/tex
live/2016/texmf-dist/fonts/type1/public/amsfonts/cm/cmsy5.pfb></usr/local/texli
ve/2016/texmf-dist/fonts/type1/public/amsfonts/cm/cmsy7.pfb></usr/local/texlive
/2016/texmf-dist/fonts/type1/public/amsfonts/cm/cmti10.pfb></usr/local/texlive/
2016/texmf-dist/fonts/type1/public/amsfonts/cm/cmtt10.pfb></usr/local/texlive/2
016/texmf-dist/fonts/type1/public/doublestroke/dsrom10.pfb>
Output written on AdvancementSummary.pdf (48 pages, 3801025 bytes).
PDF statistics:
 1204 PDF objects out of 1440 (max. 8388607)
 974 compressed objects within 10 object streams
 200 named destinations out of 1000 (max. 500000)
 568 words of extra memory for PDF output out of 10000 (max. 10000000)

