This is pdfTeX, Version 3.14159265-2.6-1.40.17 (TeX Live 2016) (preloaded format=pdflatex 2016.5.22)  15 MAY 2017 18:01
entering extended mode
 restricted \write18 enabled.
 file:line:error style messages enabled.
 %&-line parsing enabled.
**GeneralStiffElectro.tex
(./GeneralStiffElectro.tex
LaTeX2e <2016/03/31>
Babel <3.9r> and hyphenation patterns for 83 language(s) loaded.
(/usr/local/texlive/2016/texmf-dist/tex/latex/base/article.cls
Document Class: article 2014/09/29 v1.4h Standard LaTeX document class
(/usr/local/texlive/2016/texmf-dist/tex/latex/base/size10.clo
File: size10.clo 2014/09/29 v1.4h Standard LaTeX file (size option)
)
\c@part=\count79
\c@section=\count80
\c@subsection=\count81
\c@subsubsection=\count82
\c@paragraph=\count83
\c@subparagraph=\count84
\c@figure=\count85
\c@table=\count86
\abovecaptionskip=\skip41
\belowcaptionskip=\skip42
\bibindent=\dimen102
)
(/usr/local/texlive/2016/texmf-dist/tex/latex/natbib/natbib.sty
Package: natbib 2010/09/13 8.31b (PWD, AO)
\bibhang=\skip43
\bibsep=\skip44
LaTeX Info: Redefining \cite on input line 694.
\c@NAT@ctr=\count87
)
(/usr/local/texlive/2016/texmf-dist/tex/latex/geometry/geometry.sty
Package: geometry 2010/09/12 v5.6 Page Geometry

(/usr/local/texlive/2016/texmf-dist/tex/latex/graphics/keyval.sty
Package: keyval 2014/10/28 v1.15 key=value parser (DPC)
\KV@toks@=\toks14
)
(/usr/local/texlive/2016/texmf-dist/tex/generic/oberdiek/ifpdf.sty
Package: ifpdf 2016/05/14 v3.1 Provides the ifpdf switch
)
(/usr/local/texlive/2016/texmf-dist/tex/generic/oberdiek/ifvtex.sty
Package: ifvtex 2016/05/16 v1.6 Detect VTeX and its facilities (HO)
Package ifvtex Info: VTeX not detected.
)
(/usr/local/texlive/2016/texmf-dist/tex/generic/ifxetex/ifxetex.sty
Package: ifxetex 2010/09/12 v0.6 Provides ifxetex conditional
)
\Gm@cnth=\count88
\Gm@cntv=\count89
\c@Gm@tempcnt=\count90
\Gm@bindingoffset=\dimen103
\Gm@wd@mp=\dimen104
\Gm@odd@mp=\dimen105
\Gm@even@mp=\dimen106
\Gm@layoutwidth=\dimen107
\Gm@layoutheight=\dimen108
\Gm@layouthoffset=\dimen109
\Gm@layoutvoffset=\dimen110
\Gm@dimlist=\toks15
)
(./mcode.sty
-- Package: `mcode' 2.3 <2012/08/31> --
Package: mcode 2012/08/31 2.3
 - settings optimized for display (colour formating)
 - framed listings
(/usr/local/texlive/2016/texmf-dist/tex/latex/xcolor/xcolor.sty
Package: xcolor 2016/05/11 v2.12 LaTeX color extensions (UK)

(/usr/local/texlive/2016/texmf-dist/tex/latex/graphics-cfg/color.cfg
File: color.cfg 2016/01/02 v1.6 sample color configuration
)
Package xcolor Info: Driver file: pdftex.def on input line 225.

(/usr/local/texlive/2016/texmf-dist/tex/latex/pdftex-def/pdftex.def
File: pdftex.def 2011/05/27 v0.06d Graphics/color for pdfTeX

(/usr/local/texlive/2016/texmf-dist/tex/generic/oberdiek/infwarerr.sty
Package: infwarerr 2016/05/16 v1.4 Providing info/warning/error messages (HO)
)
(/usr/local/texlive/2016/texmf-dist/tex/generic/oberdiek/ltxcmds.sty
Package: ltxcmds 2016/05/16 v1.23 LaTeX kernel commands for general use (HO)
)
\Gread@gobject=\count91
)
Package xcolor Info: Model `cmy' substituted by `cmy0' on input line 1348.
Package xcolor Info: Model `hsb' substituted by `rgb' on input line 1352.
Package xcolor Info: Model `RGB' extended on input line 1364.
Package xcolor Info: Model `HTML' substituted by `rgb' on input line 1366.
Package xcolor Info: Model `Hsb' substituted by `hsb' on input line 1367.
Package xcolor Info: Model `tHsb' substituted by `hsb' on input line 1368.
Package xcolor Info: Model `HSB' substituted by `hsb' on input line 1369.
Package xcolor Info: Model `Gray' substituted by `gray' on input line 1370.
Package xcolor Info: Model `wave' substituted by `hsb' on input line 1371.
)
(/usr/local/texlive/2016/texmf-dist/tex/latex/listings/listings.sty
\lst@mode=\count92
\lst@gtempboxa=\box26
\lst@token=\toks16
\lst@length=\count93
\lst@currlwidth=\dimen111
\lst@column=\count94
\lst@pos=\count95
\lst@lostspace=\dimen112
\lst@width=\dimen113
\lst@newlines=\count96
\lst@lineno=\count97
\lst@maxwidth=\dimen114

(/usr/local/texlive/2016/texmf-dist/tex/latex/listings/lstmisc.sty
File: lstmisc.sty 2015/06/04 1.6 (Carsten Heinz)
\c@lstnumber=\count98
\lst@skipnumbers=\count99
\lst@framebox=\box27
)
(/usr/local/texlive/2016/texmf-dist/tex/latex/listings/listings.cfg
File: listings.cfg 2015/06/04 1.6 listings configuration
))
Package: listings 2015/06/04 1.6 (Carsten Heinz)

(/usr/local/texlive/2016/texmf-dist/tex/latex/base/textcomp.sty
Package: textcomp 2005/09/27 v1.99g Standard LaTeX package
Package textcomp Info: Sub-encoding information:
(textcomp)               5 = only ISO-Adobe without \textcurrency
(textcomp)               4 = 5 + \texteuro
(textcomp)               3 = 4 + \textohm
(textcomp)               2 = 3 + \textestimated + \textcurrency
(textcomp)               1 = TS1 - \textcircled - \t
(textcomp)               0 = TS1 (full)
(textcomp)             Font families with sub-encoding setting implement
(textcomp)             only a restricted character set as indicated.
(textcomp)             Family '?' is the default used for unknown fonts.
(textcomp)             See the documentation for details.
Package textcomp Info: Setting ? sub-encoding to TS1/1 on input line 79.

(/usr/local/texlive/2016/texmf-dist/tex/latex/base/ts1enc.def
File: ts1enc.def 2001/06/05 v3.0e (jk/car/fm) Standard LaTeX file
)
LaTeX Info: Redefining \oldstylenums on input line 334.
Package textcomp Info: Setting cmr sub-encoding to TS1/0 on input line 349.
Package textcomp Info: Setting cmss sub-encoding to TS1/0 on input line 350.
Package textcomp Info: Setting cmtt sub-encoding to TS1/0 on input line 351.
Package textcomp Info: Setting cmvtt sub-encoding to TS1/0 on input line 352.
Package textcomp Info: Setting cmbr sub-encoding to TS1/0 on input line 353.
Package textcomp Info: Setting cmtl sub-encoding to TS1/0 on input line 354.
Package textcomp Info: Setting ccr sub-encoding to TS1/0 on input line 355.
Package textcomp Info: Setting ptm sub-encoding to TS1/4 on input line 356.
Package textcomp Info: Setting pcr sub-encoding to TS1/4 on input line 357.
Package textcomp Info: Setting phv sub-encoding to TS1/4 on input line 358.
Package textcomp Info: Setting ppl sub-encoding to TS1/3 on input line 359.
Package textcomp Info: Setting pag sub-encoding to TS1/4 on input line 360.
Package textcomp Info: Setting pbk sub-encoding to TS1/4 on input line 361.
Package textcomp Info: Setting pnc sub-encoding to TS1/4 on input line 362.
Package textcomp Info: Setting pzc sub-encoding to TS1/4 on input line 363.
Package textcomp Info: Setting bch sub-encoding to TS1/4 on input line 364.
Package textcomp Info: Setting put sub-encoding to TS1/5 on input line 365.
Package textcomp Info: Setting uag sub-encoding to TS1/5 on input line 366.
Package textcomp Info: Setting ugq sub-encoding to TS1/5 on input line 367.
Package textcomp Info: Setting ul8 sub-encoding to TS1/4 on input line 368.
Package textcomp Info: Setting ul9 sub-encoding to TS1/4 on input line 369.
Package textcomp Info: Setting augie sub-encoding to TS1/5 on input line 370.
Package textcomp Info: Setting dayrom sub-encoding to TS1/3 on input line 371.
Package textcomp Info: Setting dayroms sub-encoding to TS1/3 on input line 372.

Package textcomp Info: Setting pxr sub-encoding to TS1/0 on input line 373.
Package textcomp Info: Setting pxss sub-encoding to TS1/0 on input line 374.
Package textcomp Info: Setting pxtt sub-encoding to TS1/0 on input line 375.
Package textcomp Info: Setting txr sub-encoding to TS1/0 on input line 376.
Package textcomp Info: Setting txss sub-encoding to TS1/0 on input line 377.
Package textcomp Info: Setting txtt sub-encoding to TS1/0 on input line 378.
Package textcomp Info: Setting lmr sub-encoding to TS1/0 on input line 379.
Package textcomp Info: Setting lmdh sub-encoding to TS1/0 on input line 380.
Package textcomp Info: Setting lmss sub-encoding to TS1/0 on input line 381.
Package textcomp Info: Setting lmssq sub-encoding to TS1/0 on input line 382.
Package textcomp Info: Setting lmvtt sub-encoding to TS1/0 on input line 383.
Package textcomp Info: Setting lmtt sub-encoding to TS1/0 on input line 384.
Package textcomp Info: Setting qhv sub-encoding to TS1/0 on input line 385.
Package textcomp Info: Setting qag sub-encoding to TS1/0 on input line 386.
Package textcomp Info: Setting qbk sub-encoding to TS1/0 on input line 387.
Package textcomp Info: Setting qcr sub-encoding to TS1/0 on input line 388.
Package textcomp Info: Setting qcs sub-encoding to TS1/0 on input line 389.
Package textcomp Info: Setting qpl sub-encoding to TS1/0 on input line 390.
Package textcomp Info: Setting qtm sub-encoding to TS1/0 on input line 391.
Package textcomp Info: Setting qzc sub-encoding to TS1/0 on input line 392.
Package textcomp Info: Setting qhvc sub-encoding to TS1/0 on input line 393.
Package textcomp Info: Setting futs sub-encoding to TS1/4 on input line 394.
Package textcomp Info: Setting futx sub-encoding to TS1/4 on input line 395.
Package textcomp Info: Setting futj sub-encoding to TS1/4 on input line 396.
Package textcomp Info: Setting hlh sub-encoding to TS1/3 on input line 397.
Package textcomp Info: Setting hls sub-encoding to TS1/3 on input line 398.
Package textcomp Info: Setting hlst sub-encoding to TS1/3 on input line 399.
Package textcomp Info: Setting hlct sub-encoding to TS1/5 on input line 400.
Package textcomp Info: Setting hlx sub-encoding to TS1/5 on input line 401.
Package textcomp Info: Setting hlce sub-encoding to TS1/5 on input line 402.
Package textcomp Info: Setting hlcn sub-encoding to TS1/5 on input line 403.
Package textcomp Info: Setting hlcw sub-encoding to TS1/5 on input line 404.
Package textcomp Info: Setting hlcf sub-encoding to TS1/5 on input line 405.
Package textcomp Info: Setting pplx sub-encoding to TS1/3 on input line 406.
Package textcomp Info: Setting pplj sub-encoding to TS1/3 on input line 407.
Package textcomp Info: Setting ptmx sub-encoding to TS1/4 on input line 408.
Package textcomp Info: Setting ptmj sub-encoding to TS1/4 on input line 409.
))
(/usr/local/texlive/2016/texmf-dist/tex/latex/graphics/epsfig.sty
Package: epsfig 1999/02/16 v1.7a (e)psfig emulation (SPQR)

(/usr/local/texlive/2016/texmf-dist/tex/latex/graphics/graphicx.sty
Package: graphicx 2014/10/28 v1.0g Enhanced LaTeX Graphics (DPC,SPQR)

(/usr/local/texlive/2016/texmf-dist/tex/latex/graphics/graphics.sty
Package: graphics 2016/05/09 v1.0r Standard LaTeX Graphics (DPC,SPQR)

(/usr/local/texlive/2016/texmf-dist/tex/latex/graphics/trig.sty
Package: trig 2016/01/03 v1.10 sin cos tan (DPC)
)
(/usr/local/texlive/2016/texmf-dist/tex/latex/graphics-cfg/graphics.cfg
File: graphics.cfg 2016/01/02 v1.10 sample graphics configuration
)
Package graphics Info: Driver file: pdftex.def on input line 96.
)
\Gin@req@height=\dimen115
\Gin@req@width=\dimen116
)
\epsfxsize=\dimen117
\epsfysize=\dimen118
)
(/usr/local/texlive/2016/texmf-dist/tex/latex/amsmath/amsmath.sty
Package: amsmath 2016/03/10 v2.15b AMS math features
\@mathmargin=\skip45

For additional information on amsmath, use the `?' option.
(/usr/local/texlive/2016/texmf-dist/tex/latex/amsmath/amstext.sty
Package: amstext 2000/06/29 v2.01 AMS text

(/usr/local/texlive/2016/texmf-dist/tex/latex/amsmath/amsgen.sty
File: amsgen.sty 1999/11/30 v2.0 generic functions
\@emptytoks=\toks17
\ex@=\dimen119
))
(/usr/local/texlive/2016/texmf-dist/tex/latex/amsmath/amsbsy.sty
Package: amsbsy 1999/11/29 v1.2d Bold Symbols
\pmbraise@=\dimen120
)
(/usr/local/texlive/2016/texmf-dist/tex/latex/amsmath/amsopn.sty
Package: amsopn 2016/03/08 v2.02 operator names
)
\inf@bad=\count100
LaTeX Info: Redefining \frac on input line 199.
\uproot@=\count101
\leftroot@=\count102
LaTeX Info: Redefining \overline on input line 297.
\classnum@=\count103
\DOTSCASE@=\count104
LaTeX Info: Redefining \ldots on input line 394.
LaTeX Info: Redefining \dots on input line 397.
LaTeX Info: Redefining \cdots on input line 518.
\Mathstrutbox@=\box28
\strutbox@=\box29
\big@size=\dimen121
LaTeX Font Info:    Redeclaring font encoding OML on input line 634.
LaTeX Font Info:    Redeclaring font encoding OMS on input line 635.
\macc@depth=\count105
\c@MaxMatrixCols=\count106
\dotsspace@=\muskip10
\c@parentequation=\count107
\dspbrk@lvl=\count108
\tag@help=\toks18
\row@=\count109
\column@=\count110
\maxfields@=\count111
\andhelp@=\toks19
\eqnshift@=\dimen122
\alignsep@=\dimen123
\tagshift@=\dimen124
\tagwidth@=\dimen125
\totwidth@=\dimen126
\lineht@=\dimen127
\@envbody=\toks20
\multlinegap=\skip46
\multlinetaggap=\skip47
\mathdisplay@stack=\toks21
LaTeX Info: Redefining \[ on input line 2739.
LaTeX Info: Redefining \] on input line 2740.
)
(/usr/local/texlive/2016/texmf-dist/tex/latex/soul/soul.sty
Package: soul 2003/11/17 v2.4 letterspacing/underlining (mf)
\SOUL@word=\toks22
\SOUL@lasttoken=\toks23
\SOUL@cmds=\toks24
\SOUL@buffer=\toks25
\SOUL@token=\toks26
\SOUL@spaceskip=\skip48
\SOUL@ttwidth=\dimen128
\SOUL@uldp=\dimen129
\SOUL@ulht=\dimen130
)
(/usr/local/texlive/2016/texmf-dist/tex/latex/caption/subcaption.sty
Package: subcaption 2016/02/20 v1.1-142 Sub-captions (AR)

(/usr/local/texlive/2016/texmf-dist/tex/latex/caption/caption.sty
Package: caption 2016/02/21 v3.3-144 Customizing captions (AR)

(/usr/local/texlive/2016/texmf-dist/tex/latex/caption/caption3.sty
Package: caption3 2016/02/04 v1.7-139 caption3 kernel (AR)
Package caption3 Info: TeX engine: e-TeX on input line 67.
\captionmargin=\dimen131
\captionmargin@=\dimen132
\captionwidth=\dimen133
\caption@tempdima=\dimen134
\caption@indent=\dimen135
\caption@parindent=\dimen136
\caption@hangindent=\dimen137
)
\c@ContinuedFloat=\count112
Package caption Info: listings package is loaded.
)
\c@subfigure=\count113
\c@subtable=\count114
)
(/usr/local/texlive/2016/texmf-dist/tex/latex/float/float.sty
Package: float 2001/11/08 v1.3d Float enhancements (AL)
\c@float@type=\count115
\float@exts=\toks27
\float@box=\box30
\@float@everytoks=\toks28
\@floatcapt=\box31
) (./preamble.tex) (/usr/local/texlive/2016/texmf-dist/tex/latex/multirow/multi
row.sty
\bigstrutjot=\dimen138
)
(./GeneralStiffElectro.aux)
\openout1 = `GeneralStiffElectro.aux'.

LaTeX Font Info:    Checking defaults for OML/cmm/m/it on input line 23.
LaTeX Font Info:    ... okay on input line 23.
LaTeX Font Info:    Checking defaults for T1/cmr/m/n on input line 23.
LaTeX Font Info:    ... okay on input line 23.
LaTeX Font Info:    Checking defaults for OT1/cmr/m/n on input line 23.
LaTeX Font Info:    ... okay on input line 23.
LaTeX Font Info:    Checking defaults for OMS/cmsy/m/n on input line 23.
LaTeX Font Info:    ... okay on input line 23.
LaTeX Font Info:    Checking defaults for OMX/cmex/m/n on input line 23.
LaTeX Font Info:    ... okay on input line 23.
LaTeX Font Info:    Checking defaults for U/cmr/m/n on input line 23.
LaTeX Font Info:    ... okay on input line 23.
LaTeX Font Info:    Checking defaults for TS1/cmr/m/n on input line 23.
LaTeX Font Info:    Try loading font information for TS1+cmr on input line 23.

(/usr/local/texlive/2016/texmf-dist/tex/latex/base/ts1cmr.fd
File: ts1cmr.fd 2014/09/29 v2.5h Standard LaTeX font definitions
)
LaTeX Font Info:    ... okay on input line 23.

*geometry* driver: auto-detecting
*geometry* detected driver: pdftex
*geometry* verbose mode - [ preamble ] result:
* driver: pdftex
* paper: <default>
* layout: <same size as paper>
* layoutoffset:(h,v)=(0.0pt,0.0pt)
* modes: 
* h-part:(L,W,R)=(72.26999pt, 469.75502pt, 72.26999pt)
* v-part:(T,H,B)=(72.26999pt, 650.43001pt, 72.26999pt)
* \paperwidth=614.295pt
* \paperheight=794.96999pt
* \textwidth=469.75502pt
* \textheight=650.43001pt
* \oddsidemargin=0.0pt
* \evensidemargin=0.0pt
* \topmargin=-37.0pt
* \headheight=12.0pt
* \headsep=25.0pt
* \topskip=10.0pt
* \footskip=30.0pt
* \marginparwidth=65.0pt
* \marginparsep=11.0pt
* \columnsep=10.0pt
* \skip\footins=9.0pt plus 4.0pt minus 2.0pt
* \hoffset=0.0pt
* \voffset=0.0pt
* \mag=1000
* \@twocolumnfalse
* \@twosidefalse
* \@mparswitchfalse
* \@reversemarginfalse
* (1in=72.27pt=25.4mm, 1cm=28.453pt)

(/usr/local/texlive/2016/texmf-dist/tex/context/base/mkii/supp-pdf.mkii
[Loading MPS to PDF converter (version 2006.09.02).]
\scratchcounter=\count116
\scratchdimen=\dimen139
\scratchbox=\box32
\nofMPsegments=\count117
\nofMParguments=\count118
\everyMPshowfont=\toks29
\MPscratchCnt=\count119
\MPscratchDim=\dimen140
\MPnumerator=\count120
\makeMPintoPDFobject=\count121
\everyMPtoPDFconversion=\toks30
)
\c@lstlisting=\count122
 (/usr/local/texlive/2016/texmf-dist/tex/generic/oberdiek/pdftexcmds.sty
Package: pdftexcmds 2016/05/10 v0.21 Utility functions of pdfTeX for LuaTeX (HO
)

(/usr/local/texlive/2016/texmf-dist/tex/generic/oberdiek/ifluatex.sty
Package: ifluatex 2016/05/16 v1.4 Provides the ifluatex switch (HO)
Package ifluatex Info: LuaTeX not detected.
)
Package pdftexcmds Info: LuaTeX not detected.
Package pdftexcmds Info: \pdf@primitive is available.
Package pdftexcmds Info: \pdf@ifprimitive is available.
Package pdftexcmds Info: \pdfdraftmode found.
)
(/usr/local/texlive/2016/texmf-dist/tex/latex/oberdiek/epstopdf-base.sty
Package: epstopdf-base 2016/05/15 v2.6 Base part for package epstopdf

(/usr/local/texlive/2016/texmf-dist/tex/latex/oberdiek/grfext.sty
Package: grfext 2016/05/16 v1.2 Manage graphics extensions (HO)

(/usr/local/texlive/2016/texmf-dist/tex/generic/oberdiek/kvdefinekeys.sty
Package: kvdefinekeys 2016/05/16 v1.4 Define keys (HO)
))
(/usr/local/texlive/2016/texmf-dist/tex/latex/oberdiek/kvoptions.sty
Package: kvoptions 2016/05/16 v3.12 Key value format for package options (HO)

(/usr/local/texlive/2016/texmf-dist/tex/generic/oberdiek/kvsetkeys.sty
Package: kvsetkeys 2016/05/16 v1.17 Key value parser (HO)

(/usr/local/texlive/2016/texmf-dist/tex/generic/oberdiek/etexcmds.sty
Package: etexcmds 2016/05/16 v1.6 Avoid name clashes with e-TeX commands (HO)
Package etexcmds Info: Could not find \expanded.
(etexcmds)             That can mean that you are not using pdfTeX 1.50 or
(etexcmds)             that some package has redefined \expanded.
(etexcmds)             In the latter case, load this package earlier.
)))
Package grfext Info: Graphics extension search list:
(grfext)             [.png,.pdf,.jpg,.mps,.jpeg,.jbig2,.jb2,.PNG,.PDF,.JPG,.JPE
G,.JBIG2,.JB2,.eps]
(grfext)             \AppendGraphicsExtensions on input line 456.

(/usr/local/texlive/2016/texmf-dist/tex/latex/latexconfig/epstopdf-sys.cfg
File: epstopdf-sys.cfg 2010/07/13 v1.3 Configuration of (r)epstopdf for TeX Liv
e
))
Package caption Info: Begin \AtBeginDocument code.
Package caption Info: float package is loaded.
Package caption Info: End \AtBeginDocument code.
Package epstopdf Info: Source file: <ResultsFigures/General/ReeDistributionHalf
VSFreeSim.eps>
(epstopdf)                    date: 2017-05-04 21:20:13
(epstopdf)                    size: 394420 bytes
(epstopdf)             Output file: <ResultsFigures/General/ReeDistributionHalf
VSFreeSim-eps-converted-to.pdf>
(epstopdf)                    date: 2017-05-04 21:22:10
(epstopdf)                    size: 73569 bytes
(epstopdf)             Command: <repstopdf --outfile=ResultsFigures/General/Ree
DistributionHalfVSFreeSim-eps-converted-to.pdf ResultsFigures/General/ReeDistri
butionHalfVSFreeSim.eps>
(epstopdf)             \includegraphics on input line 50.
Package epstopdf Info: Output file is already uptodate.

<ResultsFigures/General/ReeDistributionHalfVSFreeSim-eps-converted-to.pdf, id=1
, 737.75626pt x 649.42625pt>
File: ResultsFigures/General/ReeDistributionHalfVSFreeSim-eps-converted-to.pdf 
Graphic file (type pdf)

<use ResultsFigures/General/ReeDistributionHalfVSFreeSim-eps-converted-to.pdf>
Package pdftex.def Info: ResultsFigures/General/ReeDistributionHalfVSFreeSim-ep
s-converted-to.pdf used on input line 50.
(pdftex.def)             Requested size: 375.80544pt x 330.80663pt.

[1

{/usr/local/texlive/2016/texmf-var/fonts/map/pdftex/updmap/pdftex.map} <./Resul
tsFigures/General/ReeDistributionHalfVSFreeSim-eps-converted-to.pdf>]
Package epstopdf Info: Source file: <ResultsFigures/General/OcclusionVSNVSRFree
.eps>
(epstopdf)                    date: 2017-05-04 19:33:55
(epstopdf)                    size: 472987 bytes
(epstopdf)             Output file: <ResultsFigures/General/OcclusionVSNVSRFree
-eps-converted-to.pdf>
(epstopdf)                    date: 2017-05-04 19:35:33
(epstopdf)                    size: 55909 bytes
(epstopdf)             Command: <repstopdf --outfile=ResultsFigures/General/Occ
lusionVSNVSRFree-eps-converted-to.pdf ResultsFigures/General/OcclusionVSNVSRFre
e.eps>
(epstopdf)             \includegraphics on input line 68.
Package epstopdf Info: Output file is already uptodate.

<ResultsFigures/General/OcclusionVSNVSRFree-eps-converted-to.pdf, id=17, 514.92
375pt x 410.53375pt>
File: ResultsFigures/General/OcclusionVSNVSRFree-eps-converted-to.pdf Graphic f
ile (type pdf)

<use ResultsFigures/General/OcclusionVSNVSRFree-eps-converted-to.pdf>
Package pdftex.def Info: ResultsFigures/General/OcclusionVSNVSRFree-eps-convert
ed-to.pdf used on input line 68.
(pdftex.def)             Requested size: 187.89914pt x 149.80286pt.
Package epstopdf Info: Source file: <ResultsFigures/General/OcclusionVSNVSRHalf
.eps>
(epstopdf)                    date: 2017-05-04 19:33:55
(epstopdf)                    size: 453809 bytes
(epstopdf)             Output file: <ResultsFigures/General/OcclusionVSNVSRHalf
-eps-converted-to.pdf>
(epstopdf)                    date: 2017-05-04 19:35:33
(epstopdf)                    size: 53706 bytes
(epstopdf)             Command: <repstopdf --outfile=ResultsFigures/General/Occ
lusionVSNVSRHalf-eps-converted-to.pdf ResultsFigures/General/OcclusionVSNVSRHal
f.eps>
(epstopdf)             \includegraphics on input line 72.
Package epstopdf Info: Output file is already uptodate.

<ResultsFigures/General/OcclusionVSNVSRHalf-eps-converted-to.pdf, id=18, 523.95
75pt x 410.53375pt>
File: ResultsFigures/General/OcclusionVSNVSRHalf-eps-converted-to.pdf Graphic f
ile (type pdf)

<use ResultsFigures/General/OcclusionVSNVSRHalf-eps-converted-to.pdf>
Package pdftex.def Info: ResultsFigures/General/OcclusionVSNVSRHalf-eps-convert
ed-to.pdf used on input line 72.
(pdftex.def)             Requested size: 187.89914pt x 147.22198pt.
Package epstopdf Info: Source file: <ResultsFigures/General/OcclusionVSNVSRFree
Mid.eps>
(epstopdf)                    date: 2017-05-04 19:34:01
(epstopdf)                    size: 438842 bytes
(epstopdf)             Output file: <ResultsFigures/General/OcclusionVSNVSRFree
Mid-eps-converted-to.pdf>
(epstopdf)                    date: 2017-05-04 19:35:33
(epstopdf)                    size: 48533 bytes
(epstopdf)             Command: <repstopdf --outfile=ResultsFigures/General/Occ
lusionVSNVSRFreeMid-eps-converted-to.pdf ResultsFigures/General/OcclusionVSNVSR
FreeMid.eps>
(epstopdf)             \includegraphics on input line 76.
Package epstopdf Info: Output file is already uptodate.

<ResultsFigures/General/OcclusionVSNVSRFreeMid-eps-converted-to.pdf, id=19, 514
.92375pt x 410.53375pt>
File: ResultsFigures/General/OcclusionVSNVSRFreeMid-eps-converted-to.pdf Graphi
c file (type pdf)

<use ResultsFigures/General/OcclusionVSNVSRFreeMid-eps-converted-to.pdf>
Package pdftex.def Info: ResultsFigures/General/OcclusionVSNVSRFreeMid-eps-conv
erted-to.pdf used on input line 76.
(pdftex.def)             Requested size: 187.89914pt x 149.80286pt.
Package epstopdf Info: Source file: <ResultsFigures/General/OcclusionVSNVSRHalf
Mid.eps>
(epstopdf)                    date: 2017-05-04 19:34:02
(epstopdf)                    size: 425322 bytes
(epstopdf)             Output file: <ResultsFigures/General/OcclusionVSNVSRHalf
Mid-eps-converted-to.pdf>
(epstopdf)                    date: 2017-05-04 19:35:34
(epstopdf)                    size: 47638 bytes
(epstopdf)             Command: <repstopdf --outfile=ResultsFigures/General/Occ
lusionVSNVSRHalfMid-eps-converted-to.pdf ResultsFigures/General/OcclusionVSNVSR
HalfMid.eps>
(epstopdf)             \includegraphics on input line 80.
Package epstopdf Info: Output file is already uptodate.

<ResultsFigures/General/OcclusionVSNVSRHalfMid-eps-converted-to.pdf, id=20, 523
.9575pt x 410.53375pt>
File: ResultsFigures/General/OcclusionVSNVSRHalfMid-eps-converted-to.pdf Graphi
c file (type pdf)

<use ResultsFigures/General/OcclusionVSNVSRHalfMid-eps-converted-to.pdf>
Package pdftex.def Info: ResultsFigures/General/OcclusionVSNVSRHalfMid-eps-conv
erted-to.pdf used on input line 80.
(pdftex.def)             Requested size: 187.89914pt x 147.22198pt.


Package natbib Warning: Citation `He2015' on page 2 undefined on input line 93.



Package natbib Warning: Citation `Bah2015' on page 2 undefined on input line 93
.

[2 <./ResultsFigures/General/OcclusionVSNVSRFree-eps-converted-to.pdf> <./Resul
tsFigures/General/OcclusionVSNVSRHalf-eps-converted-to.pdf> <./ResultsFigures/G
eneral/OcclusionVSNVSRFreeMid-eps-converted-to.pdf> <./ResultsFigures/General/O
cclusionVSNVSRHalfMid-eps-converted-to.pdf>]
Package epstopdf Info: Source file: <ResultsFigures/StiffeningDiagram/Stiffenin
gDiagram.eps>
(epstopdf)                    date: 2017-05-15 17:13:15
(epstopdf)                    size: 28476 bytes
(epstopdf)             Output file: <ResultsFigures/StiffeningDiagram/Stiffenin
gDiagram-eps-converted-to.pdf>
(epstopdf)                    date: 2017-05-15 17:14:28
(epstopdf)                    size: 12339 bytes
(epstopdf)             Command: <repstopdf --outfile=ResultsFigures/StiffeningD
iagram/StiffeningDiagram-eps-converted-to.pdf ResultsFigures/StiffeningDiagram/
StiffeningDiagram.eps>
(epstopdf)             \includegraphics on input line 99.
Package epstopdf Info: Output file is already uptodate.

<ResultsFigures/StiffeningDiagram/StiffeningDiagram-eps-converted-to.pdf, id=62
, 1055.945pt x 320.19624pt>
File: ResultsFigures/StiffeningDiagram/StiffeningDiagram-eps-converted-to.pdf G
raphic file (type pdf)

<use ResultsFigures/StiffeningDiagram/StiffeningDiagram-eps-converted-to.pdf>
Package pdftex.def Info: ResultsFigures/StiffeningDiagram/StiffeningDiagram-eps
-converted-to.pdf used on input line 99.
(pdftex.def)             Requested size: 375.80544pt x 113.95627pt.
Package epstopdf Info: Source file: <ResultsFigures/CD3ZetaStiffeningMembraneOn
/AvgBindVSTotalPhosColorMapLabeled.eps>
(epstopdf)                    date: 2017-05-03 19:12:08
(epstopdf)                    size: 94515 bytes
(epstopdf)             Output file: <ResultsFigures/CD3ZetaStiffeningMembraneOn
/AvgBindVSTotalPhosColorMapLabeled-eps-converted-to.pdf>
(epstopdf)                    date: 2017-05-03 19:19:04
(epstopdf)                    size: 31346 bytes
(epstopdf)             Command: <repstopdf --outfile=ResultsFigures/CD3ZetaStif
feningMembraneOn/AvgBindVSTotalPhosColorMapLabeled-eps-converted-to.pdf Results
Figures/CD3ZetaStiffeningMembraneOn/AvgBindVSTotalPhosColorMapLabeled.eps>
(epstopdf)             \includegraphics on input line 119.
Package epstopdf Info: Output file is already uptodate.

<ResultsFigures/CD3ZetaStiffeningMembraneOn/AvgBindVSTotalPhosColorMapLabeled-e
ps-converted-to.pdf, id=63, 673.51625pt x 522.95375pt>
File: ResultsFigures/CD3ZetaStiffeningMembraneOn/AvgBindVSTotalPhosColorMapLabe
led-eps-converted-to.pdf Graphic file (type pdf)

<use ResultsFigures/CD3ZetaStiffeningMembraneOn/AvgBindVSTotalPhosColorMapLabel
ed-eps-converted-to.pdf>
Package pdftex.def Info: ResultsFigures/CD3ZetaStiffeningMembraneOn/AvgBindVSTo
talPhosColorMapLabeled-eps-converted-to.pdf used on input line 119.
(pdftex.def)             Requested size: 375.80544pt x 291.79878pt.
 [3 <./ResultsFigures/StiffeningDiagram/StiffeningDiagram-eps-converted-to.pdf>
]
Package epstopdf Info: Source file: <ResultsFigures/CD3ZetaStiffeningMembraneOn
/Dephosphorylation/AvgBindVSTotalModified5.eps>
(epstopdf)                    date: 2017-05-15 18:00:35
(epstopdf)                    size: 81415 bytes
(epstopdf)             Output file: <ResultsFigures/CD3ZetaStiffeningMembraneOn
/Dephosphorylation/AvgBindVSTotalModified5-eps-converted-to.pdf>
(epstopdf)                    date: 2017-05-15 18:01:00
(epstopdf)                    size: 28809 bytes
(epstopdf)             Command: <repstopdf --outfile=ResultsFigures/CD3ZetaStif
feningMembraneOn/Dephosphorylation/AvgBindVSTotalModified5-eps-converted-to.pdf
 ResultsFigures/CD3ZetaStiffeningMembraneOn/Dephosphorylation/AvgBindVSTotalMod
ified5.eps>
(epstopdf)             \includegraphics on input line 132.
Package epstopdf Info: Output file is already uptodate.

<ResultsFigures/CD3ZetaStiffeningMembraneOn/Dephosphorylation/AvgBindVSTotalMod
ified5-eps-converted-to.pdf, id=74, 682.55pt x 516.93124pt>
File: ResultsFigures/CD3ZetaStiffeningMembraneOn/Dephosphorylation/AvgBindVSTot
alModified5-eps-converted-to.pdf Graphic file (type pdf)

<use ResultsFigures/CD3ZetaStiffeningMembraneOn/Dephosphorylation/AvgBindVSTota
lModified5-eps-converted-to.pdf>
Package pdftex.def Info: ResultsFigures/CD3ZetaStiffeningMembraneOn/Dephosphory
lation/AvgBindVSTotalModified5-eps-converted-to.pdf used on input line 132.
(pdftex.def)             Requested size: 375.80544pt x 284.62068pt.
 [4 <./ResultsFigures/CD3ZetaStiffeningMembraneOn/AvgBindVSTotalPhosColorMapLab
eled-eps-converted-to.pdf>] [5 <./ResultsFigures/CD3ZetaStiffeningMembraneOn/De
phosphorylation/AvgBindVSTotalModified5-eps-converted-to.pdf>]
Package epstopdf Info: Source file: <ResultsFigures/StiffeningSequentialBinding
/MemOn/ProbVSSequence.eps>
(epstopdf)                    date: 2017-05-05 11:49:08
(epstopdf)                    size: 57914 bytes
(epstopdf)             Output file: <ResultsFigures/StiffeningSequentialBinding
/MemOn/ProbVSSequence-eps-converted-to.pdf>
(epstopdf)                    date: 2017-05-05 14:36:55
(epstopdf)                    size: 22296 bytes
(epstopdf)             Command: <repstopdf --outfile=ResultsFigures/StiffeningS
equentialBinding/MemOn/ProbVSSequence-eps-converted-to.pdf ResultsFigures/Stiff
eningSequentialBinding/MemOn/ProbVSSequence.eps>
(epstopdf)             \includegraphics on input line 171.
Package epstopdf Info: Output file is already uptodate.

<ResultsFigures/StiffeningSequentialBinding/MemOn/ProbVSSequence-eps-converted-
to.pdf, id=96, 1061.9675pt x 900.36375pt>
File: ResultsFigures/StiffeningSequentialBinding/MemOn/ProbVSSequence-eps-conve
rted-to.pdf Graphic file (type pdf)

<use ResultsFigures/StiffeningSequentialBinding/MemOn/ProbVSSequence-eps-conver
ted-to.pdf>
Package pdftex.def Info: ResultsFigures/StiffeningSequentialBinding/MemOn/ProbV
SSequence-eps-converted-to.pdf used on input line 171.
(pdftex.def)             Requested size: 140.92793pt x 119.4831pt.
Package epstopdf Info: Source file: <ResultsFigures/StiffeningSequentialBinding
/MemOff/ProbVSSequence.eps>
(epstopdf)                    date: 2017-05-05 14:41:00
(epstopdf)                    size: 53647 bytes
(epstopdf)             Output file: <ResultsFigures/StiffeningSequentialBinding
/MemOff/ProbVSSequence-eps-converted-to.pdf>
(epstopdf)                    date: 2017-05-05 14:43:43
(epstopdf)                    size: 21044 bytes
(epstopdf)             Command: <repstopdf --outfile=ResultsFigures/StiffeningS
equentialBinding/MemOff/ProbVSSequence-eps-converted-to.pdf ResultsFigures/Stif
feningSequentialBinding/MemOff/ProbVSSequence.eps>
(epstopdf)             \includegraphics on input line 175.
Package epstopdf Info: Output file is already uptodate.

<ResultsFigures/StiffeningSequentialBinding/MemOff/ProbVSSequence-eps-converted
-to.pdf, id=97, 1077.02374pt x 900.36375pt>
File: ResultsFigures/StiffeningSequentialBinding/MemOff/ProbVSSequence-eps-conv
erted-to.pdf Graphic file (type pdf)

<use ResultsFigures/StiffeningSequentialBinding/MemOff/ProbVSSequence-eps-conve
rted-to.pdf>
Package pdftex.def Info: ResultsFigures/StiffeningSequentialBinding/MemOff/Prob
VSSequence-eps-converted-to.pdf used on input line 175.
(pdftex.def)             Requested size: 140.92793pt x 117.807pt.
Package epstopdf Info: Source file: <ResultsFigures/StiffeningSequentialBinding
/EvenSites/ProbVSSequence.eps>
(epstopdf)                    date: 2017-05-05 14:42:02
(epstopdf)                    size: 56245 bytes
(epstopdf)             Output file: <ResultsFigures/StiffeningSequentialBinding
/EvenSites/ProbVSSequence-eps-converted-to.pdf>
(epstopdf)                    date: 2017-05-05 14:43:43
(epstopdf)                    size: 21932 bytes
(epstopdf)             Command: <repstopdf --outfile=ResultsFigures/StiffeningS
equentialBinding/EvenSites/ProbVSSequence-eps-converted-to.pdf ResultsFigures/S
tiffeningSequentialBinding/EvenSites/ProbVSSequence.eps>
(epstopdf)             \includegraphics on input line 179.
Package epstopdf Info: Output file is already uptodate.

<ResultsFigures/StiffeningSequentialBinding/EvenSites/ProbVSSequence-eps-conver
ted-to.pdf, id=98, 1075.01625pt x 901.3675pt>
File: ResultsFigures/StiffeningSequentialBinding/EvenSites/ProbVSSequence-eps-c
onverted-to.pdf Graphic file (type pdf)

<use ResultsFigures/StiffeningSequentialBinding/EvenSites/ProbVSSequence-eps-co
nverted-to.pdf>
Package pdftex.def Info: ResultsFigures/StiffeningSequentialBinding/EvenSites/P
robVSSequence-eps-converted-to.pdf used on input line 179.
(pdftex.def)             Requested size: 140.92793pt x 118.1584pt.
 [6] [7 <./ResultsFigures/StiffeningSequentialBinding/MemOn/ProbVSSequence-eps-
converted-to.pdf> <./ResultsFigures/StiffeningSequentialBinding/MemOff/ProbVSSe
quence-eps-converted-to.pdf> <./ResultsFigures/StiffeningSequentialBinding/Even
Sites/ProbVSSequence-eps-converted-to.pdf>]
Underfull \hbox (badness 10000) in paragraph at lines 288--288
[]\OT1/cmr/m/n/10 Basic
 []


Underfull \hbox (badness 10000) in paragraph at lines 290--293
[][]\OT1/cmr/m/n/10 RA[]KFS[]RSAETAANLQDPNQLYNELNLG[]RR
 []


Underfull \hbox (badness 10000) in paragraph at lines 290--293
\OT1/cmr/m/n/10 EEYDVLE[]KKRA[]RDPEMGG[]KQQ[]RRRNPQE
 []


Underfull \hbox (badness 10000) in paragraph at lines 290--293
\OT1/cmr/m/n/10 GVYNALQ[]KD[]KMAEAYSEIGT[]KGE[]RRR
 []


Underfull \hbox (badness 10000) in paragraph at lines 295--298
[]\OT1/cmr/m/n/10 1,3,5,28,29,37,38,
 []


Overfull \hbox (2.6379pt too wide) in paragraph at lines 295--298
\OT1/cmr/m/n/10 39,41,48,51,52,53,60,65,
 []


Overfull \hbox (2.6379pt too wide) in paragraph at lines 295--298
\OT1/cmr/m/n/10 67,72,78,81,82,83,85,91,
 []


Underfull \hbox (badness 10000) in paragraph at lines 307--310
[]\OT1/cmr/m/n/10 RAKFSRSAETAANLQDPNQL[]YNELNLGRR
 []


Underfull \hbox (badness 10000) in paragraph at lines 307--310
\OT1/cmr/m/n/10 EE[]YDVLEKKRARDPEMGGKQQRRRNPQE
 []


Underfull \hbox (badness 10000) in paragraph at lines 307--310
\OT1/cmr/m/n/10 GV[]YNALQKDKMAEA[]YSEIGTKGERRR
 []


Underfull \hbox (badness 10000) in paragraph at lines 318--318
[]\OT1/cmr/m/n/10 Basics
 []


Underfull \hbox (badness 10000) in paragraph at lines 320--321
[]\OT1/cmr/m/n/10 WS[]KN[]RKA[]KA[]KPVT[]RGAGAGG[]RQ[]RGQN[]KE[]R
 []


Underfull \hbox (badness 10000) in paragraph at lines 323--324
[]\OT1/cmr/m/n/10 3,5,6,8,10,14,21,23,27,
 []


Underfull \hbox (badness 10000) in paragraph at lines 332--333
[]\OT1/cmr/m/n/10 WSKNRKAKAKPVTRGAGAGGRQRGQNKER
 []


Overfull \hbox (45.99292pt too wide) in paragraph at lines 282--340
 [] 
 []

[8] <ElectrostaticsDiagram.pdf, id=128, 560.0925pt x 209.78375pt>
File: ElectrostaticsDiagram.pdf Graphic file (type pdf)

<use ElectrostaticsDiagram.pdf>
Package pdftex.def Info: ElectrostaticsDiagram.pdf used on input line 345.
(pdftex.def)             Requested size: 328.82707pt x 123.16632pt.
 [9 <./ElectrostaticsDiagram.pdf>]
Package epstopdf Info: Source file: <ResultsFigures/Electro/DistributioniSite2.
eps>
(epstopdf)                    date: 2017-05-12 14:02:04
(epstopdf)                    size: 139186 bytes
(epstopdf)             Output file: <ResultsFigures/Electro/DistributioniSite2-
eps-converted-to.pdf>
(epstopdf)                    date: 2017-05-12 14:08:41
(epstopdf)                    size: 24155 bytes
(epstopdf)             Command: <repstopdf --outfile=ResultsFigures/Electro/Dis
tributioniSite2-eps-converted-to.pdf ResultsFigures/Electro/DistributioniSite2.
eps>
(epstopdf)             \includegraphics on input line 412.
Package epstopdf Info: Output file is already uptodate.

<ResultsFigures/Electro/DistributioniSite2-eps-converted-to.pdf, id=161, 1372.1
2625pt x 1083.04625pt>
File: ResultsFigures/Electro/DistributioniSite2-eps-converted-to.pdf Graphic fi
le (type pdf)

<use ResultsFigures/Electro/DistributioniSite2-eps-converted-to.pdf>
Package pdftex.def Info: ResultsFigures/Electro/DistributioniSite2-eps-converte
d-to.pdf used on input line 412.
(pdftex.def)             Requested size: 375.80544pt x 296.62398pt.
 [10]
Package epstopdf Info: Source file: <ResultsFigures/Electro/DistributioniSite7.
eps>
(epstopdf)                    date: 2017-05-12 14:02:14
(epstopdf)                    size: 135895 bytes
(epstopdf)             Output file: <ResultsFigures/Electro/DistributioniSite7-
eps-converted-to.pdf>
(epstopdf)                    date: 2017-05-12 14:08:42
(epstopdf)                    size: 20911 bytes
(epstopdf)             Command: <repstopdf --outfile=ResultsFigures/Electro/Dis
tributioniSite7-eps-converted-to.pdf ResultsFigures/Electro/DistributioniSite7.
eps>
(epstopdf)             \includegraphics on input line 419.
Package epstopdf Info: Output file is already uptodate.

<ResultsFigures/Electro/DistributioniSite7-eps-converted-to.pdf, id=168, 1372.1
2625pt x 1083.04625pt>
File: ResultsFigures/Electro/DistributioniSite7-eps-converted-to.pdf Graphic fi
le (type pdf)

<use ResultsFigures/Electro/DistributioniSite7-eps-converted-to.pdf>
Package pdftex.def Info: ResultsFigures/Electro/DistributioniSite7-eps-converte
d-to.pdf used on input line 419.
(pdftex.def)             Requested size: 375.80544pt x 296.62398pt.
 [11 <./ResultsFigures/Electro/DistributioniSite2-eps-converted-to.pdf>]

Package natbib Warning: There were undefined citations.

[12 <./ResultsFigures/Electro/DistributioniSite7-eps-converted-to.pdf>]
(./GeneralStiffElectro.aux) ) 
Here is how much of TeX's memory you used:
 6550 strings out of 493014
 98462 string characters out of 6133351
 183672 words of memory out of 5000000
 9998 multiletter control sequences out of 15000+600000
 6224 words of font info for 23 fonts, out of 8000000 for 9000
 1141 hyphenation exceptions out of 8191
 42i,12n,42p,1044b,504s stack positions out of 5000i,500n,10000p,200000b,80000s
</usr/local/texlive/2016/texmf-dist/fonts/type1/pu
blic/amsfonts/cm/cmbx10.pfb></usr/local/texlive/2016/texmf-dist/fonts/type1/pub
lic/amsfonts/cm/cmbx12.pfb></usr/local/texlive/2016/texmf-dist/fonts/type1/publ
ic/amsfonts/cm/cmex10.pfb></usr/local/texlive/2016/texmf-dist/fonts/type1/publi
c/amsfonts/cm/cmmi10.pfb></usr/local/texlive/2016/texmf-dist/fonts/type1/public
/amsfonts/cm/cmmi7.pfb></usr/local/texlive/2016/texmf-dist/fonts/type1/public/a
msfonts/cm/cmr10.pfb></usr/local/texlive/2016/texmf-dist/fonts/type1/public/ams
fonts/cm/cmr7.pfb></usr/local/texlive/2016/texmf-dist/fonts/type1/public/amsfon
ts/cm/cmr9.pfb></usr/local/texlive/2016/texmf-dist/fonts/type1/public/amsfonts/
cm/cmsy10.pfb></usr/local/texlive/2016/texmf-dist/fonts/type1/public/amsfonts/c
m/cmsy7.pfb>
Output written on GeneralStiffElectro.pdf (12 pages, 580807 bytes).
PDF statistics:
 225 PDF objects out of 1000 (max. 8388607)
 143 compressed objects within 2 object streams
 0 named destinations out of 1000 (max. 500000)
 71 words of extra memory for PDF output out of 10000 (max. 10000000)

